[2026-02-01 05:27:04] [溢价告警] 钢铁LOF(168203) 溢价率: 12.78% (阈值: 10.0%)
[2026-02-01 05:29:34] [溢价告警] 国富恒利债券LOF(164509) 溢价率: 10.42% (阈值: 10.0%)
[2026-02-01 05:30:51] [溢价告警] 石油LOF(162719) 溢价率: 32.57% (阈值: 10.0%)
[2026-02-01 05:31:26] [溢价告警] 金鹰元盛债券LOF(162108) 溢价率: 10.10% (阈值: 10.0%)
[2026-02-01 05:33:01] [溢价告警] 国投资源LOF(161217) 溢价率: 10.48% (阈值: 10.0%)
[2026-02-01 05:33:14] [溢价告警] 原油LOF易方达(161129) 溢价率: 13.14% (阈值: 10.0%)
[2026-02-01 05:36:28] [溢价告警] 石油基金LOF(160416) 溢价率: 32.84% (阈值: 10.0%)
[2026-02-01 05:38:37] [溢价告警] 行业轮动FOF(501220) 溢价率: 15.45% (阈值: 10.0%)
[2026-02-01 05:42:21] [溢价告警] 南方原油LOF(501018) 溢价率: 26.14% (阈值: 10.0%)
[2026-02-01 06:09:41] [溢价告警] 钢铁LOF(168203) 溢价率: 12.78% (阈值: 10.0%)
[2026-02-01 06:11:11] [溢价告警] 国富恒利债券LOF(164509) 溢价率: 10.42% (阈值: 10.0%)
[2026-02-01 06:12:03] [溢价告警] 石油LOF(162719) 溢价率: 32.57% (阈值: 10.0%)
[2026-02-01 06:12:31] [溢价告警] 金鹰元盛债券LOF(162108) 溢价率: 10.10% (阈值: 10.0%)
[2026-02-01 06:13:32] [溢价告警] 国投资源LOF(161217) 溢价率: 10.48% (阈值: 10.0%)
[2026-02-01 06:13:39] [溢价告警] 原油LOF易方达(161129) 溢价率: 13.14% (阈值: 10.0%)
[2026-02-01 06:16:43] [溢价告警] 石油基金LOF(160416) 溢价率: 32.84% (阈值: 10.0%)
[2026-02-01 06:18:55] [溢价告警] 行业轮动FOF(501220) 溢价率: 15.45% (阈值: 10.0%)
[2026-02-01 06:21:28] [溢价告警] 南方原油LOF(501018) 溢价率: 26.14% (阈值: 10.0%)
[2026-02-01 06:48:17] [溢价告警] 钢铁LOF(168203) 溢价率: 12.78% (阈值: 10.0%)
[2026-02-01 06:49:49] [溢价告警] 国富恒利债券LOF(164509) 溢价率: 10.42% (阈值: 10.0%)
[2026-02-01 06:50:39] [溢价告警] 石油LOF(162719) 溢价率: 32.57% (阈值: 10.0%)
[2026-02-01 06:51:00] [溢价告警] 金鹰元盛债券LOF(162108) 溢价率: 10.10% (阈值: 10.0%)
[2026-02-01 06:52:08] [溢价告警] 国投资源LOF(161217) 溢价率: 10.48% (阈值: 10.0%)
[2026-02-01 06:52:16] [溢价告警] 原油LOF易方达(161129) 溢价率: 13.14% (阈值: 10.0%)
[2026-02-01 06:54:54] [溢价告警] 石油基金LOF(160416) 溢价率: 32.84% (阈值: 10.0%)
[2026-02-01 06:56:38] [溢价告警] 行业轮动FOF(501220) 溢价率: 15.45% (阈值: 10.0%)
[2026-02-01 06:59:08] [溢价告警] 南方原油LOF(501018) 溢价率: 26.14% (阈值: 10.0%)
[2026-02-01 07:33:10] [溢价告警] 钢铁LOF(168203) 溢价率: 12.78% (阈值: 10.0%)
[2026-02-01 07:34:35] [溢价告警] 国富恒利债券LOF(164509) 溢价率: 10.42% (阈值: 10.0%)
[2026-02-01 07:35:14] [溢价告警] 石油LOF(162719) 溢价率: 32.57% (阈值: 10.0%)
[2026-02-01 07:35:32] [溢价告警] 金鹰元盛债券LOF(162108) 溢价率: 10.10% (阈值: 10.0%)
[2026-02-01 07:36:24] [溢价告警] 国投资源LOF(161217) 溢价率: 10.48% (阈值: 10.0%)
[2026-02-01 07:36:32] [溢价告警] 原油LOF易方达(161129) 溢价率: 13.14% (阈值: 10.0%)
[2026-02-01 07:38:31] [溢价告警] 石油基金LOF(160416) 溢价率: 32.84% (阈值: 10.0%)
[2026-02-01 07:39:56] [溢价告警] 行业轮动FOF(501220) 溢价率: 15.45% (阈值: 10.0%)
[2026-02-01 07:42:04] [溢价告警] 南方原油LOF(501018) 溢价率: 26.14% (阈值: 10.0%)
[2026-02-01 14:07:35] [溢价告警] 钢铁LOF(168203) 溢价率: 12.78% (阈值: 10.0%)
[2026-02-01 14:11:38] [溢价告警] 国富恒利债券LOF(164509) 溢价率: 10.42% (阈值: 10.0%)
[2026-02-01 14:13:42] [溢价告警] 石油LOF(162719) 溢价率: 32.57% (阈值: 10.0%)
[2026-02-01 14:15:06] [溢价告警] 金鹰元盛债券LOF(162108) 溢价率: 10.10% (阈值: 10.0%)
[2026-02-01 14:17:34] [溢价告警] 国投资源LOF(161217) 溢价率: 10.48% (阈值: 10.0%)
[2026-02-01 14:17:58] [溢价告警] 原油LOF易方达(161129) 溢价率: 13.14% (阈值: 10.0%)
[2026-02-01 14:22:38] [溢价告警] 石油基金LOF(160416) 溢价率: 32.84% (阈值: 10.0%)
[2026-02-01 14:25:37] [溢价告警] 行业轮动FOF(501220) 溢价率: 15.45% (阈值: 10.0%)
[2026-02-01 14:30:07] [溢价告警] 南方原油LOF(501018) 溢价率: 26.14% (阈值: 10.0%)
[2026-02-02 04:40:33] [溢价告警] 石油LOF(162719) 溢价率: 19.29% (阈值: 10.0%)
[2026-02-02 04:43:02] [溢价告警] 国投白银LOF(161226) 溢价率: 43.80% (阈值: 10.0%)
[2026-02-02 04:47:23] [溢价告警] 石油基金LOF(160416) 溢价率: 19.53% (阈值: 10.0%)
[2026-02-02 04:52:59] [溢价告警] 南方原油LOF(501018) 溢价率: 13.54% (阈值: 10.0%)
[2026-02-02 07:00:19] [溢价告警] 石油LOF(162719) 溢价率: 19.29% (阈值: 10.0%)
[2026-02-02 07:01:59] [溢价告警] 国投白银LOF(161226) 溢价率: 43.80% (阈值: 10.0%)
[2026-02-02 07:05:30] [溢价告警] 石油基金LOF(160416) 溢价率: 19.53% (阈值: 10.0%)
[2026-02-02 07:10:07] [溢价告警] 南方原油LOF(501018) 溢价率: 13.54% (阈值: 10.0%)
[2026-02-03 03:21:27] [溢价告警] 国投白银LOF(161226) 溢价率: 88.94% (阈值: 10.0%)
[2026-02-03 05:10:40] [溢价告警] 国投白银LOF(161226) 溢价率: 88.94% (阈值: 10.0%)
[2026-02-03 05:34:38] [溢价告警] 国投白银LOF(161226) 溢价率: 88.94% (阈值: 10.0%)
[2026-02-04 03:14:40] [溢价告警] 国投白银LOF(161226) 溢价率: 64.60% (阈值: 10.0%)
[2026-02-04 05:23:19] [溢价告警] 国投白银LOF(161226) 溢价率: 64.60% (阈值: 10.0%)
[2026-02-05 03:16:55] [溢价告警] 国投白银LOF(161226) 溢价率: 37.13% (阈值: 10.0%)
[2026-02-05 05:39:32] [溢价告警] 国投白银LOF(161226) 溢价率: 37.13% (阈值: 10.0%)
[2026-02-06 03:13:42] [溢价告警] 国投白银LOF(161226) 溢价率: 28.73% (阈值: 10.0%)
[2026-02-06 03:18:12] [溢价告警] 全球芯片LOF(501225) 溢价率: 11.68% (阈值: 10.0%)
[2026-02-06 05:38:41] [溢价告警] 国投白银LOF(161226) 溢价率: 28.73% (阈值: 10.0%)
[2026-02-06 05:44:31] [溢价告警] 全球芯片LOF(501225) 溢价率: 10.74% (阈值: 10.0%)
[2026-02-07 02:55:44] [溢价告警] 国投白银LOF(161226) 溢价率: 49.05% (阈值: 10.0%)
[2026-02-07 03:01:51] [溢价告警] 全球芯片LOF(501225) 溢价率: 10.60% (阈值: 10.0%)
[2026-02-07 05:17:57] [溢价告警] 国投白银LOF(161226) 溢价率: 49.05% (阈值: 10.0%)
[2026-02-07 05:23:31] [溢价告警] 全球芯片LOF(501225) 溢价率: 10.60% (阈值: 10.0%)
[2026-02-08 03:41:00] [溢价告警] 国投白银LOF(161226) 溢价率: 49.05% (阈值: 10.0%)
[2026-02-08 03:47:28] [溢价告警] 全球芯片LOF(501225) 溢价率: 10.60% (阈值: 10.0%)
[2026-02-08 05:46:08] [溢价告警] 国投白银LOF(161226) 溢价率: 49.05% (阈值: 10.0%)
[2026-02-08 05:51:17] [溢价告警] 全球芯片LOF(501225) 溢价率: 10.60% (阈值: 10.0%)
[2026-02-09 03:23:15] [溢价告警] 招商丰泰LOF(161722) 溢价率: 10.29% (阈值: 10.0%)
[2026-02-09 03:23:42] [溢价告警] 国投白银LOF(161226) 溢价率: 58.67% (阈值: 10.0%)
[2026-02-09 03:28:41] [溢价告警] 全球芯片LOF(501225) 溢价率: 14.72% (阈值: 10.0%)
[2026-02-09 05:48:10] [溢价告警] 国投白银LOF(161226) 溢价率: 57.03% (阈值: 10.0%)
[2026-02-09 05:52:37] [溢价告警] 全球芯片LOF(501225) 溢价率: 14.82% (阈值: 10.0%)
[2026-02-10 03:32:33] [溢价告警] 国投白银LOF(161226) 溢价率: 43.78% (阈值: 10.0%)
[2026-02-10 03:37:52] [溢价告警] 全球芯片LOF(501225) 溢价率: 10.89% (阈值: 10.0%)
[2026-02-10 03:40:28] [溢价告警] 南方原油LOF(501018) 溢价率: 11.52% (阈值: 10.0%)
[2026-02-10 05:50:31] [溢价告警] 国投白银LOF(161226) 溢价率: 42.86% (阈值: 10.0%)
[2026-02-10 05:55:24] [溢价告警] 全球芯片LOF(501225) 溢价率: 10.80% (阈值: 10.0%)
[2026-02-10 05:57:55] [溢价告警] 南方原油LOF(501018) 溢价率: 11.69% (阈值: 10.0%)
[2026-02-11 03:30:34] [溢价告警] 国投白银LOF(161226) 溢价率: 36.00% (阈值: 10.0%)
[2026-02-11 03:31:02] [溢价告警] 原油LOF易方达(161129) 溢价率: 14.52% (阈值: 10.0%)
[2026-02-11 03:40:09] [溢价告警] 南方原油LOF(501018) 溢价率: 16.24% (阈值: 10.0%)
[2026-02-11 05:48:41] [溢价告警] 国投白银LOF(161226) 溢价率: 36.32% (阈值: 10.0%)
[2026-02-11 05:49:00] [溢价告警] 原油LOF易方达(161129) 溢价率: 12.98% (阈值: 10.0%)
[2026-02-11 05:55:44] [溢价告警] 南方原油LOF(501018) 溢价率: 16.00% (阈值: 10.0%)
[2026-02-12 03:24:34] [溢价告警] 国投白银LOF(161226) 溢价率: 29.64% (阈值: 10.0%)
[2026-02-12 03:24:54] [溢价告警] 原油LOF易方达(161129) 溢价率: 13.54% (阈值: 10.0%)
[2026-02-12 03:27:52] [溢价告警] 石油基金LOF(160416) 溢价率: 10.96% (阈值: 10.0%)
[2026-02-12 03:29:47] [溢价告警] 全球芯片LOF(501225) 溢价率: 12.33% (阈值: 10.0%)
[2026-02-12 03:32:27] [溢价告警] 南方原油LOF(501018) 溢价率: 12.87% (阈值: 10.0%)
[2026-02-12 05:44:47] [溢价告警] 国投白银LOF(161226) 溢价率: 27.12% (阈值: 10.0%)
[2026-02-12 05:45:09] [溢价告警] 原油LOF易方达(161129) 溢价率: 11.92% (阈值: 10.0%)
[2026-02-12 05:47:42] [溢价告警] 石油基金LOF(160416) 溢价率: 10.23% (阈值: 10.0%)
[2026-02-12 05:49:28] [溢价告警] 全球芯片LOF(501225) 溢价率: 13.00% (阈值: 10.0%)
[2026-02-12 05:51:40] [溢价告警] 南方原油LOF(501018) 溢价率: 11.72% (阈值: 10.0%)
[2026-02-13 03:25:33] [溢价告警] 国投白银LOF(161226) 溢价率: 17.98% (阈值: 10.0%)
[2026-02-13 03:30:48] [溢价告警] 全球芯片LOF(501225) 溢价率: 10.94% (阈值: 10.0%)
[2026-02-13 05:41:49] [溢价告警] 国投白银LOF(161226) 溢价率: 19.62% (阈值: 10.0%)
[2026-02-13 05:46:48] [溢价告警] 全球芯片LOF(501225) 溢价率: 10.77% (阈值: 10.0%)
[2026-02-14 03:10:25] [溢价告警] 国投白银LOF(161226) 溢价率: 27.61% (阈值: 10.0%)
[2026-02-14 03:13:39] [溢价告警] 全球芯片LOF(501225) 溢价率: 14.62% (阈值: 10.0%)
[2026-02-14 05:19:06] [溢价告警] 国投白银LOF(161226) 溢价率: 27.61% (阈值: 10.0%)
[2026-02-14 05:23:44] [溢价告警] 全球芯片LOF(501225) 溢价率: 14.62% (阈值: 10.0%)
[2026-02-15 03:25:16] [溢价告警] 国投白银LOF(161226) 溢价率: 27.61% (阈值: 10.0%)
[2026-02-15 03:30:06] [溢价告警] 全球芯片LOF(501225) 溢价率: 14.62% (阈值: 10.0%)
[2026-02-15 05:37:34] [溢价告警] 国投白银LOF(161226) 溢价率: 27.61% (阈值: 10.0%)
[2026-02-15 05:42:32] [溢价告警] 全球芯片LOF(501225) 溢价率: 14.62% (阈值: 10.0%)
[2026-02-16 03:21:59] [溢价告警] 国投白银LOF(161226) 溢价率: 27.61% (阈值: 10.0%)
[2026-02-16 03:26:55] [溢价告警] 全球芯片LOF(501225) 溢价率: 14.62% (阈值: 10.0%)
[2026-02-16 05:47:18] [溢价告警] 国投白银LOF(161226) 溢价率: 27.61% (阈值: 10.0%)
[2026-02-16 05:51:40] [溢价告警] 全球芯片LOF(501225) 溢价率: 14.62% (阈值: 10.0%)
[2026-02-17 03:16:36] [溢价告警] 国投白银LOF(161226) 溢价率: 27.61% (阈值: 10.0%)
[2026-02-17 03:21:15] [溢价告警] 全球芯片LOF(501225) 溢价率: 14.62% (阈值: 10.0%)
[2026-02-17 05:40:20] [溢价告警] 国投白银LOF(161226) 溢价率: 27.61% (阈值: 10.0%)
[2026-02-17 05:45:05] [溢价告警] 全球芯片LOF(501225) 溢价率: 14.62% (阈值: 10.0%)
[2026-02-18 03:19:20] [溢价告警] 国投白银LOF(161226) 溢价率: 27.61% (阈值: 10.0%)
[2026-02-18 03:23:41] [溢价告警] 全球芯片LOF(501225) 溢价率: 14.62% (阈值: 10.0%)
[2026-02-18 05:41:36] [溢价告警] 国投白银LOF(161226) 溢价率: 27.61% (阈值: 10.0%)
[2026-02-18 05:45:33] [溢价告警] 全球芯片LOF(501225) 溢价率: 14.62% (阈值: 10.0%)
[2026-02-19 03:18:21] [溢价告警] 国投白银LOF(161226) 溢价率: 27.61% (阈值: 10.0%)
[2026-02-19 03:23:18] [溢价告警] 全球芯片LOF(501225) 溢价率: 14.62% (阈值: 10.0%)
[2026-02-19 05:41:00] [溢价告警] 国投白银LOF(161226) 溢价率: 27.61% (阈值: 10.0%)
[2026-02-19 05:45:58] [溢价告警] 全球芯片LOF(501225) 溢价率: 14.62% (阈值: 10.0%)
[2026-02-20 03:14:09] [溢价告警] 国投白银LOF(161226) 溢价率: 27.61% (阈值: 10.0%)
[2026-02-20 03:17:36] [溢价告警] 全球芯片LOF(501225) 溢价率: 14.62% (阈值: 10.0%)
[2026-02-20 05:35:24] [溢价告警] 国投白银LOF(161226) 溢价率: 27.61% (阈值: 10.0%)
[2026-02-20 05:38:40] [溢价告警] 全球芯片LOF(501225) 溢价率: 14.62% (阈值: 10.0%)
[2026-02-21 02:54:09] [溢价告警] 国投白银LOF(161226) 溢价率: 27.61% (阈值: 10.0%)
[2026-02-21 03:00:07] [溢价告警] 全球芯片LOF(501225) 溢价率: 14.62% (阈值: 10.0%)
[2026-02-21 05:17:28] [溢价告警] 国投白银LOF(161226) 溢价率: 27.61% (阈值: 10.0%)
[2026-02-21 05:21:45] [溢价告警] 全球芯片LOF(501225) 溢价率: 14.62% (阈值: 10.0%)
[2026-02-21 07:10:05] [溢价告警] 国投白银LOF(161226) 溢价率: 27.61% (阈值: 10.0%)
[2026-02-21 07:14:21] [溢价告警] 全球芯片LOF(501225) 溢价率: 14.62% (阈值: 10.0%)
[2026-02-22 03:20:30] [溢价告警] 国投白银LOF(161226) 溢价率: 27.61% (阈值: 10.0%)
[2026-02-22 03:25:30] [溢价告警] 全球芯片LOF(501225) 溢价率: 14.62% (阈值: 10.0%)
[2026-02-22 05:35:34] [溢价告警] 国投白银LOF(161226) 溢价率: 27.61% (阈值: 10.0%)
[2026-02-22 05:40:11] [溢价告警] 全球芯片LOF(501225) 溢价率: 14.62% (阈值: 10.0%)
[2026-02-23 03:23:16] [溢价告警] 国投白银LOF(161226) 溢价率: 27.61% (阈值: 10.0%)
[2026-02-23 03:28:00] [溢价告警] 全球芯片LOF(501225) 溢价率: 14.62% (阈值: 10.0%)
[2026-02-23 05:49:27] [溢价告警] 国投白银LOF(161226) 溢价率: 27.61% (阈值: 10.0%)
[2026-02-23 05:54:45] [溢价告警] 全球芯片LOF(501225) 溢价率: 14.62% (阈值: 10.0%)
[2026-02-24 03:18:23] [溢价告警] 国投白银LOF(161226) 溢价率: 38.97% (阈值: 10.0%)
[2026-02-24 03:18:46] [溢价告警] 原油LOF易方达(161129) 溢价率: 18.71% (阈值: 10.0%)
[2026-02-24 03:20:23] [溢价告警] 嘉实原油LOF(160723) 溢价率: 11.44% (阈值: 10.0%)
[2026-02-24 03:21:47] [溢价告警] 石油基金LOF(160416) 溢价率: 14.00% (阈值: 10.0%)
[2026-02-24 03:23:34] [溢价告警] 全球芯片LOF(501225) 溢价率: 14.13% (阈值: 10.0%)
[2026-02-24 03:26:04] [溢价告警] 南方原油LOF(501018) 溢价率: 18.96% (阈值: 10.0%)
[2026-02-24 05:41:37] [溢价告警] 国投白银LOF(161226) 溢价率: 39.06% (阈值: 10.0%)
[2026-02-24 05:41:55] [溢价告警] 原油LOF易方达(161129) 溢价率: 17.94% (阈值: 10.0%)
[2026-02-24 05:43:28] [溢价告警] 嘉实原油LOF(160723) 溢价率: 10.59% (阈值: 10.0%)
[2026-02-24 05:44:50] [溢价告警] 石油基金LOF(160416) 溢价率: 13.18% (阈值: 10.0%)
[2026-02-24 05:46:32] [溢价告警] 全球芯片LOF(501225) 溢价率: 14.09% (阈值: 10.0%)
[2026-02-24 05:48:40] [溢价告警] 南方原油LOF(501018) 溢价率: 18.30% (阈值: 10.0%)
[2026-02-25 03:19:35] [溢价告警] 国投白银LOF(161226) 溢价率: 35.79% (阈值: 10.0%)
[2026-02-25 03:19:57] [溢价告警] 原油LOF易方达(161129) 溢价率: 26.03% (阈值: 10.0%)
[2026-02-25 03:21:31] [溢价告警] 嘉实原油LOF(160723) 溢价率: 15.86% (阈值: 10.0%)
[2026-02-25 03:22:54] [溢价告警] 石油基金LOF(160416) 溢价率: 23.87% (阈值: 10.0%)
[2026-02-25 03:24:53] [溢价告警] 全球芯片LOF(501225) 溢价率: 13.47% (阈值: 10.0%)
[2026-02-25 03:27:27] [溢价告警] 南方原油LOF(501018) 溢价率: 26.90% (阈值: 10.0%)
[2026-02-25 05:43:28] [溢价告警] 国投白银LOF(161226) 溢价率: 37.57% (阈值: 10.0%)
[2026-02-25 05:43:47] [溢价告警] 原油LOF易方达(161129) 溢价率: 23.25% (阈值: 10.0%)
[2026-02-25 05:45:07] [溢价告警] 嘉实原油LOF(160723) 溢价率: 15.01% (阈值: 10.0%)
[2026-02-25 05:46:10] [溢价告警] 石油基金LOF(160416) 溢价率: 25.45% (阈值: 10.0%)
[2026-02-25 05:47:47] [溢价告警] 全球芯片LOF(501225) 溢价率: 13.43% (阈值: 10.0%)
[2026-02-25 05:49:57] [溢价告警] 南方原油LOF(501018) 溢价率: 26.07% (阈值: 10.0%)
[2026-02-26 02:59:48] [溢价告警] 国投白银LOF(161226) 溢价率: 32.35% (阈值: 10.0%)
[2026-02-26 03:00:16] [溢价告警] 原油LOF易方达(161129) 溢价率: 13.26% (阈值: 10.0%)
[2026-02-26 03:03:36] [溢价告警] 石油基金LOF(160416) 溢价率: 19.79% (阈值: 10.0%)
[2026-02-26 03:06:16] [溢价告警] 全球芯片LOF(501225) 溢价率: 10.96% (阈值: 10.0%)
[2026-02-26 03:09:26] [溢价告警] 南方原油LOF(501018) 溢价率: 12.86% (阈值: 10.0%)
[2026-02-26 05:38:57] [溢价告警] 国投白银LOF(161226) 溢价率: 36.47% (阈值: 10.0%)
[2026-02-26 05:39:12] [溢价告警] 原油LOF易方达(161129) 溢价率: 13.59% (阈值: 10.0%)
[2026-02-26 05:41:16] [溢价告警] 石油基金LOF(160416) 溢价率: 18.54% (阈值: 10.0%)
[2026-02-26 05:42:40] [溢价告警] 全球芯片LOF(501225) 溢价率: 12.21% (阈值: 10.0%)
[2026-02-26 05:43:31] [溢价告警] 南方原油LOF(501018) 溢价率: 14.21% (阈值: 10.0%)
[2026-02-27 02:58:04] [溢价告警] 国投白银LOF(161226) 溢价率: 34.59% (阈值: 10.0%)
[2026-02-27 02:58:36] [溢价告警] 原油LOF易方达(161129) 溢价率: 14.79% (阈值: 10.0%)
[2026-02-27 03:02:57] [溢价告警] 石油基金LOF(160416) 溢价率: 18.21% (阈值: 10.0%)
[2026-02-27 03:05:44] [溢价告警] 全球芯片LOF(501225) 溢价率: 11.22% (阈值: 10.0%)
[2026-02-27 03:09:05] [溢价告警] 南方原油LOF(501018) 溢价率: 14.85% (阈值: 10.0%)
[2026-02-27 05:24:09] [溢价告警] 国投白银LOF(161226) 溢价率: 33.85% (阈值: 10.0%)
[2026-02-27 05:24:26] [溢价告警] 原油LOF易方达(161129) 溢价率: 14.71% (阈值: 10.0%)
[2026-02-27 05:26:49] [溢价告警] 石油基金LOF(160416) 溢价率: 17.66% (阈值: 10.0%)
[2026-02-27 05:28:21] [溢价告警] 全球芯片LOF(501225) 溢价率: 13.49% (阈值: 10.0%)
[2026-02-27 05:30:28] [溢价告警] 南方原油LOF(501018) 溢价率: 14.37% (阈值: 10.0%)
[2026-02-28 02:41:55] [溢价告警] 国投白银LOF(161226) 溢价率: 37.85% (阈值: 10.0%)
[2026-02-28 02:42:08] [溢价告警] 原油LOF易方达(161129) 溢价率: 14.73% (阈值: 10.0%)
[2026-02-28 02:43:45] [溢价告警] 石油基金LOF(160416) 溢价率: 19.80% (阈值: 10.0%)
[2026-02-28 02:44:49] [溢价告警] 全球芯片LOF(501225) 溢价率: 16.34% (阈值: 10.0%)
[2026-02-28 02:46:21] [溢价告警] 南方原油LOF(501018) 溢价率: 14.84% (阈值: 10.0%)
[2026-02-28 05:08:25] [溢价告警] 国投白银LOF(161226) 溢价率: 37.85% (阈值: 10.0%)
[2026-02-28 05:08:47] [溢价告警] 原油LOF易方达(161129) 溢价率: 14.73% (阈值: 10.0%)
[2026-02-28 05:11:47] [溢价告警] 石油基金LOF(160416) 溢价率: 19.80% (阈值: 10.0%)
[2026-02-28 05:13:34] [溢价告警] 全球芯片LOF(501225) 溢价率: 16.34% (阈值: 10.0%)
[2026-02-28 05:16:19] [溢价告警] 南方原油LOF(501018) 溢价率: 14.84% (阈值: 10.0%)
[2026-03-01 03:27:39] [溢价告警] 国投白银LOF(161226) 溢价率: 37.85% (阈值: 10.0%)
[2026-03-01 03:27:58] [溢价告警] 原油LOF易方达(161129) 溢价率: 14.73% (阈值: 10.0%)
[2026-03-01 03:30:33] [溢价告警] 石油基金LOF(160416) 溢价率: 19.80% (阈值: 10.0%)
[2026-03-01 03:32:20] [溢价告警] 全球芯片LOF(501225) 溢价率: 16.34% (阈值: 10.0%)
[2026-03-01 03:34:49] [溢价告警] 南方原油LOF(501018) 溢价率: 14.84% (阈值: 10.0%)
[2026-03-01 05:35:03] [溢价告警] 国投白银LOF(161226) 溢价率: 37.85% (阈值: 10.0%)
[2026-03-01 05:35:15] [溢价告警] 原油LOF易方达(161129) 溢价率: 14.73% (阈值: 10.0%)
[2026-03-01 05:36:43] [溢价告警] 石油基金LOF(160416) 溢价率: 19.80% (阈值: 10.0%)
[2026-03-01 05:37:12] [溢价告警] 全球芯片LOF(501225) 溢价率: 16.34% (阈值: 10.0%)
[2026-03-01 05:37:47] [溢价告警] 南方原油LOF(501018) 溢价率: 14.84% (阈值: 10.0%)
[2026-03-02 02:59:15] [溢价告警] 国投白银LOF(161226) 溢价率: 45.82% (阈值: 10.0%)
[2026-03-02 02:59:44] [溢价告警] 原油LOF易方达(161129) 溢价率: 25.64% (阈值: 10.0%)
[2026-03-02 03:01:48] [溢价告警] 嘉实原油LOF(160723) 溢价率: 16.24% (阈值: 10.0%)
[2026-03-02 03:03:35] [溢价告警] 石油基金LOF(160416) 溢价率: 31.23% (阈值: 10.0%)
[2026-03-02 03:06:05] [溢价告警] 全球芯片LOF(501225) 溢价率: 14.63% (阈值: 10.0%)
[2026-03-02 03:08:58] [溢价告警] 南方原油LOF(501018) 溢价率: 25.13% (阈值: 10.0%)
[2026-03-02 05:24:04] [溢价告警] 国投白银LOF(161226) 溢价率: 48.80% (阈值: 10.0%)
[2026-03-02 05:24:21] [溢价告警] 原油LOF易方达(161129) 溢价率: 26.22% (阈值: 10.0%)
[2026-03-02 05:25:38] [溢价告警] 嘉实原油LOF(160723) 溢价率: 17.82% (阈值: 10.0%)
[2026-03-02 05:26:49] [溢价告警] 石油基金LOF(160416) 溢价率: 31.78% (阈值: 10.0%)
[2026-03-02 05:28:26] [溢价告警] 全球芯片LOF(501225) 溢价率: 15.29% (阈值: 10.0%)
[2026-03-02 05:30:32] [溢价告警] 南方原油LOF(501018) 溢价率: 26.33% (阈值: 10.0%)
[2026-03-03 03:16:27] [溢价告警] 全球油气能源LOF(163208) 溢价率: 17.55% (阈值: 10.0%)
[2026-03-03 03:16:51] [溢价告警] 石油LOF(162719) 溢价率: 18.94% (阈值: 10.0%)
[2026-03-03 03:17:13] [溢价告警] 华宝油气LOF(162411) 溢价率: 17.99% (阈值: 10.0%)
[2026-03-03 03:18:29] [溢价告警] 国投白银LOF(161226) 溢价率: 37.99% (阈值: 10.0%)
[2026-03-03 03:18:50] [溢价告警] 原油LOF易方达(161129) 溢价率: 37.92% (阈值: 10.0%)
[2026-03-03 03:20:16] [溢价告警] 嘉实原油LOF(160723) 溢价率: 28.61% (阈值: 10.0%)
[2026-03-03 03:21:32] [溢价告警] 石油基金LOF(160416) 溢价率: 43.58% (阈值: 10.0%)
[2026-03-03 03:22:58] [溢价告警] 军工LOF(502003) 溢价率: 18.75% (阈值: 10.0%)
[2026-03-03 03:23:16] [溢价告警] 全球芯片LOF(501225) 溢价率: 15.99% (阈值: 10.0%)
[2026-03-03 03:25:41] [溢价告警] 南方原油LOF(501018) 溢价率: 37.55% (阈值: 10.0%)
[2026-03-03 05:21:52] [溢价告警] 全球油气能源LOF(163208) 溢价率: 17.64% (阈值: 10.0%)
[2026-03-03 05:22:17] [溢价告警] 石油LOF(162719) 溢价率: 18.94% (阈值: 10.0%)
[2026-03-03 05:22:42] [溢价告警] 华宝油气LOF(162411) 溢价率: 18.35% (阈值: 10.0%)
[2026-03-03 05:23:55] [溢价告警] 国投白银LOF(161226) 溢价率: 35.97% (阈值: 10.0%)
[2026-03-03 05:24:14] [溢价告警] 原油LOF易方达(161129) 溢价率: 37.92% (阈值: 10.0%)
[2026-03-03 05:25:39] [溢价告警] 嘉实原油LOF(160723) 溢价率: 28.61% (阈值: 10.0%)
[2026-03-03 05:26:57] [溢价告警] 石油基金LOF(160416) 溢价率: 43.58% (阈值: 10.0%)
[2026-03-03 05:28:23] [溢价告警] 军工LOF(502003) 溢价率: 18.75% (阈值: 10.0%)
[2026-03-03 05:28:42] [溢价告警] 全球芯片LOF(501225) 溢价率: 15.23% (阈值: 10.0%)
[2026-03-03 05:30:58] [溢价告警] 南方原油LOF(501018) 溢价率: 37.55% (阈值: 10.0%)
[2026-03-04 02:52:30] [溢价告警] 石油LOF(162719) 溢价率: 17.02% (阈值: 10.0%)
[2026-03-04 02:52:50] [溢价告警] 华宝油气LOF(162411) 溢价率: 10.48% (阈值: 10.0%)
[2026-03-04 02:54:01] [溢价告警] 国投白银LOF(161226) 溢价率: 33.28% (阈值: 10.0%)
[2026-03-04 02:54:19] [溢价告警] 原油LOF易方达(161129) 溢价率: 35.50% (阈值: 10.0%)
[2026-03-04 02:55:40] [溢价告警] 嘉实原油LOF(160723) 溢价率: 24.76% (阈值: 10.0%)
[2026-03-04 02:57:00] [溢价告警] 石油基金LOF(160416) 溢价率: 47.85% (阈值: 10.0%)
[2026-03-04 02:58:27] [溢价告警] 军工LOF(502003) 溢价率: 13.99% (阈值: 10.0%)
[2026-03-04 03:01:09] [溢价告警] 南方原油LOF(501018) 溢价率: 35.38% (阈值: 10.0%)
[2026-03-04 05:16:06] [溢价告警] 石油LOF(162719) 溢价率: 14.74% (阈值: 10.0%)
[2026-03-04 05:17:32] [溢价告警] 国投白银LOF(161226) 溢价率: 32.46% (阈值: 10.0%)
[2026-03-04 05:17:49] [溢价告警] 原油LOF易方达(161129) 溢价率: 33.12% (阈值: 10.0%)
[2026-03-04 05:19:01] [溢价告警] 嘉实原油LOF(160723) 溢价率: 20.63% (阈值: 10.0%)
[2026-03-04 05:20:06] [溢价告警] 石油基金LOF(160416) 溢价率: 47.85% (阈值: 10.0%)
[2026-03-04 05:21:19] [溢价告警] 军工LOF(502003) 溢价率: 13.99% (阈值: 10.0%)
[2026-03-04 05:23:39] [溢价告警] 南方原油LOF(501018) 溢价率: 31.30% (阈值: 10.0%)
[2026-03-05 02:58:13] [溢价告警] 国投白银LOF(161226) 溢价率: 41.83% (阈值: 10.0%)
[2026-03-05 02:58:38] [溢价告警] 原油LOF易方达(161129) 溢价率: 26.88% (阈值: 10.0%)
[2026-03-05 03:00:20] [溢价告警] 嘉实原油LOF(160723) 溢价率: 14.05% (阈值: 10.0%)
[2026-03-05 03:02:00] [溢价告警] 石油基金LOF(160416) 溢价率: 42.77% (阈值: 10.0%)
[2026-03-05 03:04:10] [溢价告警] 全球芯片LOF(501225) 溢价率: 16.71% (阈值: 10.0%)
[2026-03-05 03:07:14] [溢价告警] 南方原油LOF(501018) 溢价率: 23.01% (阈值: 10.0%)
[2026-03-05 05:20:41] [溢价告警] 国投白银LOF(161226) 溢价率: 43.38% (阈值: 10.0%)
[2026-03-05 05:20:56] [溢价告警] 原油LOF易方达(161129) 溢价率: 27.33% (阈值: 10.0%)
[2026-03-05 05:22:05] [溢价告警] 嘉实原油LOF(160723) 溢价率: 14.74% (阈值: 10.0%)
[2026-03-05 05:23:08] [溢价告警] 石油基金LOF(160416) 溢价率: 44.09% (阈值: 10.0%)
[2026-03-05 05:24:32] [溢价告警] 全球芯片LOF(501225) 溢价率: 17.08% (阈值: 10.0%)
[2026-03-05 05:26:29] [溢价告警] 南方原油LOF(501018) 溢价率: 22.15% (阈值: 10.0%)
[2026-03-06 02:55:40] [溢价告警] 国投白银LOF(161226) 溢价率: 38.70% (阈值: 10.0%)
[2026-03-06 02:56:06] [溢价告警] 原油LOF易方达(161129) 溢价率: 19.26% (阈值: 10.0%)
[2026-03-06 02:59:05] [溢价告警] 石油基金LOF(160416) 溢价率: 29.13% (阈值: 10.0%)
[2026-03-06 03:01:08] [溢价告警] 全球芯片LOF(501225) 溢价率: 12.65% (阈值: 10.0%)
[2026-03-06 03:03:58] [溢价告警] 南方原油LOF(501018) 溢价率: 15.69% (阈值: 10.0%)
[2026-03-06 05:19:27] [溢价告警] 国投白银LOF(161226) 溢价率: 37.88% (阈值: 10.0%)
[2026-03-06 05:19:45] [溢价告警] 原油LOF易方达(161129) 溢价率: 19.26% (阈值: 10.0%)
[2026-03-06 05:22:38] [溢价告警] 石油基金LOF(160416) 溢价率: 27.60% (阈值: 10.0%)
[2026-03-06 05:24:23] [溢价告警] 全球芯片LOF(501225) 溢价率: 12.61% (阈值: 10.0%)
[2026-03-06 05:26:52] [溢价告警] 南方原油LOF(501018) 溢价率: 15.98% (阈值: 10.0%)
[2026-03-07 02:49:28] [溢价告警] 国投白银LOF(161226) 溢价率: 39.23% (阈值: 10.0%)
[2026-03-07 02:49:50] [溢价告警] 原油LOF易方达(161129) 溢价率: 13.19% (阈值: 10.0%)
[2026-03-07 02:52:59] [溢价告警] 石油基金LOF(160416) 溢价率: 21.73% (阈值: 10.0%)
[2026-03-07 02:54:58] [溢价告警] 全球芯片LOF(501225) 溢价率: 14.30% (阈值: 10.0%)
[2026-03-07 05:11:44] [溢价告警] 国投白银LOF(161226) 溢价率: 39.23% (阈值: 10.0%)
[2026-03-07 05:11:59] [溢价告警] 原油LOF易方达(161129) 溢价率: 13.19% (阈值: 10.0%)
[2026-03-07 05:14:26] [溢价告警] 石油基金LOF(160416) 溢价率: 21.73% (阈值: 10.0%)
[2026-03-07 05:16:02] [溢价告警] 全球芯片LOF(501225) 溢价率: 14.30% (阈值: 10.0%)
[2026-03-08 03:17:01] [溢价告警] 国投白银LOF(161226) 溢价率: 39.23% (阈值: 10.0%)
[2026-03-08 03:17:24] [溢价告警] 原油LOF易方达(161129) 溢价率: 13.19% (阈值: 10.0%)
[2026-03-08 03:20:21] [溢价告警] 石油基金LOF(160416) 溢价率: 21.73% (阈值: 10.0%)
[2026-03-08 03:22:09] [溢价告警] 全球芯片LOF(501225) 溢价率: 14.30% (阈值: 10.0%)
[2026-03-08 05:19:48] [溢价告警] 国投白银LOF(161226) 溢价率: 39.23% (阈值: 10.0%)
[2026-03-08 05:20:07] [溢价告警] 原油LOF易方达(161129) 溢价率: 13.19% (阈值: 10.0%)
[2026-03-08 05:23:08] [溢价告警] 石油基金LOF(160416) 溢价率: 21.73% (阈值: 10.0%)
[2026-03-08 05:25:09] [溢价告警] 全球芯片LOF(501225) 溢价率: 14.30% (阈值: 10.0%)
[2026-03-09 03:19:10] [溢价告警] 国投白银LOF(161226) 溢价率: 32.91% (阈值: 10.0%)
[2026-03-09 03:19:29] [溢价告警] 原油LOF易方达(161129) 溢价率: 24.52% (阈值: 10.0%)
[2026-03-09 03:20:52] [溢价告警] 嘉实原油LOF(160723) 溢价率: 16.93% (阈值: 10.0%)
[2026-03-09 03:22:05] [溢价告警] 石油基金LOF(160416) 溢价率: 30.71% (阈值: 10.0%)
[2026-03-09 03:26:11] [溢价告警] 南方原油LOF(501018) 溢价率: 20.68% (阈值: 10.0%)
[2026-03-09 05:38:12] [溢价告警] 国投白银LOF(161226) 溢价率: 35.24% (阈值: 10.0%)
[2026-03-09 05:38:26] [溢价告警] 原油LOF易方达(161129) 溢价率: 24.52% (阈值: 10.0%)
[2026-03-09 05:39:18] [溢价告警] 嘉实原油LOF(160723) 溢价率: 16.93% (阈值: 10.0%)
[2026-03-09 05:40:09] [溢价告警] 石油基金LOF(160416) 溢价率: 26.39% (阈值: 10.0%)
[2026-03-09 05:41:18] [溢价告警] 全球芯片LOF(501225) 溢价率: 10.55% (阈值: 10.0%)
[2026-03-09 05:42:40] [溢价告警] 南方原油LOF(501018) 溢价率: 20.68% (阈值: 10.0%)
[2026-03-10 02:53:35] [溢价告警] 国投白银LOF(161226) 溢价率: 42.32% (阈值: 10.0%)
[2026-03-10 02:53:51] [溢价告警] 原油LOF易方达(161129) 溢价率: 10.79% (阈值: 10.0%)
[2026-03-10 02:56:30] [溢价告警] 石油基金LOF(160416) 溢价率: 14.24% (阈值: 10.0%)
[2026-03-10 05:19:13] [溢价告警] 国投白银LOF(161226) 溢价率: 41.32% (阈值: 10.0%)
[2026-03-10 05:19:30] [溢价告警] 原油LOF易方达(161129) 溢价率: 12.84% (阈值: 10.0%)
[2026-03-10 05:21:56] [溢价告警] 石油基金LOF(160416) 溢价率: 14.29% (阈值: 10.0%)
[2026-03-10 05:23:29] [溢价告警] 全球芯片LOF(501225) 溢价率: 15.91% (阈值: 10.0%)
[2026-03-11 02:53:24] [溢价告警] 国投白银LOF(161226) 溢价率: 33.98% (阈值: 10.0%)
[2026-03-11 02:58:01] [溢价告警] 全球芯片LOF(501225) 溢价率: 12.42% (阈值: 10.0%)
[2026-03-11 05:19:55] [溢价告警] 国投白银LOF(161226) 溢价率: 33.23% (阈值: 10.0%)
[2026-03-11 05:23:30] [溢价告警] 全球芯片LOF(501225) 溢价率: 12.47% (阈值: 10.0%)
[2026-03-12 03:15:33] [溢价告警] 国投白银LOF(161226) 溢价率: 26.42% (阈值: 10.0%)
[2026-03-12 03:15:50] [溢价告警] 原油LOF易方达(161129) 溢价率: 16.76% (阈值: 10.0%)
[2026-03-12 03:17:14] [溢价告警] 嘉实原油LOF(160723) 溢价率: 12.70% (阈值: 10.0%)
[2026-03-12 03:18:30] [溢价告警] 石油基金LOF(160416) 溢价率: 16.68% (阈值: 10.0%)
[2026-03-12 03:20:14] [溢价告警] 全球芯片LOF(501225) 溢价率: 10.09% (阈值: 10.0%)
[2026-03-12 03:22:40] [溢价告警] 南方原油LOF(501018) 溢价率: 14.21% (阈值: 10.0%)
[2026-03-12 05:24:46] [溢价告警] 国投白银LOF(161226) 溢价率: 25.87% (阈值: 10.0%)
[2026-03-12 05:25:00] [溢价告警] 原油LOF易方达(161129) 溢价率: 15.49% (阈值: 10.0%)
[2026-03-12 05:26:15] [溢价告警] 嘉实原油LOF(160723) 溢价率: 11.59% (阈值: 10.0%)
[2026-03-12 05:27:17] [溢价告警] 石油基金LOF(160416) 溢价率: 15.01% (阈值: 10.0%)
[2026-03-12 05:30:38] [溢价告警] 南方原油LOF(501018) 溢价率: 12.86% (阈值: 10.0%)
[2026-03-13 02:57:16] [溢价告警] 国投白银LOF(161226) 溢价率: 29.84% (阈值: 10.0%)
[2026-03-13 02:57:42] [溢价告警] 原油LOF易方达(161129) 溢价率: 14.34% (阈值: 10.0%)
[2026-03-13 02:59:33] [溢价告警] 嘉实原油LOF(160723) 溢价率: 13.64% (阈值: 10.0%)
[2026-03-13 03:01:04] [溢价告警] 石油基金LOF(160416) 溢价率: 11.85% (阈值: 10.0%)
[2026-03-13 03:06:15] [溢价告警] 南方原油LOF(501018) 溢价率: 13.12% (阈值: 10.0%)
[2026-03-13 05:23:15] [溢价告警] 国投白银LOF(161226) 溢价率: 29.44% (阈值: 10.0%)
[2026-03-13 05:23:38] [溢价告警] 原油LOF易方达(161129) 溢价率: 13.68% (阈值: 10.0%)
[2026-03-13 05:25:09] [溢价告警] 嘉实原油LOF(160723) 溢价率: 13.03% (阈值: 10.0%)
[2026-03-13 05:26:35] [溢价告警] 石油基金LOF(160416) 溢价率: 10.74% (阈值: 10.0%)
[2026-03-13 05:30:57] [溢价告警] 南方原油LOF(501018) 溢价率: 12.48% (阈值: 10.0%)
[2026-03-14 02:56:11] [溢价告警] 国投白银LOF(161226) 溢价率: 28.88% (阈值: 10.0%)
[2026-03-14 03:01:44] [溢价告警] 全球芯片LOF(501225) 溢价率: 10.79% (阈值: 10.0%)
[2026-03-14 05:20:52] [溢价告警] 国投白银LOF(161226) 溢价率: 28.88% (阈值: 10.0%)
[2026-03-14 05:25:39] [溢价告警] 全球芯片LOF(501225) 溢价率: 10.79% (阈值: 10.0%)
[2026-03-15 03:36:37] [溢价告警] 国投白银LOF(161226) 溢价率: 28.88% (阈值: 10.0%)
[2026-03-15 03:40:59] [溢价告警] 全球芯片LOF(501225) 溢价率: 10.79% (阈值: 10.0%)
[2026-03-15 05:50:23] [溢价告警] 国投白银LOF(161226) 溢价率: 28.88% (阈值: 10.0%)
[2026-03-15 05:55:11] [溢价告警] 全球芯片LOF(501225) 溢价率: 10.79% (阈值: 10.0%)
[2026-03-16 03:38:55] [溢价告警] 国投白银LOF(161226) 溢价率: 20.20% (阈值: 10.0%)
[2026-03-16 03:39:23] [溢价告警] 原油LOF易方达(161129) 溢价率: 12.65% (阈值: 10.0%)
[2026-03-16 03:41:00] [溢价告警] 嘉实原油LOF(160723) 溢价率: 11.74% (阈值: 10.0%)
[2026-03-16 03:42:23] [溢价告警] 石油基金LOF(160416) 溢价率: 11.52% (阈值: 10.0%)
[2026-03-16 03:47:12] [溢价告警] 南方原油LOF(501018) 溢价率: 10.66% (阈值: 10.0%)
[2026-03-16 06:00:18] [溢价告警] 国投白银LOF(161226) 溢价率: 22.28% (阈值: 10.0%)
[2026-03-16 06:00:36] [溢价告警] 原油LOF易方达(161129) 溢价率: 12.16% (阈值: 10.0%)
[2026-03-16 06:02:01] [溢价告警] 嘉实原油LOF(160723) 溢价率: 11.22% (阈值: 10.0%)
[2026-03-16 06:03:29] [溢价告警] 石油基金LOF(160416) 溢价率: 10.27% (阈值: 10.0%)
[2026-03-16 06:05:20] [溢价告警] 全球芯片LOF(501225) 溢价率: 10.69% (阈值: 10.0%)
[2026-03-16 06:07:31] [溢价告警] 南方原油LOF(501018) 溢价率: 10.19% (阈值: 10.0%)
[2026-03-17 03:16:40] [溢价告警] 国投白银LOF(161226) 溢价率: 28.77% (阈值: 10.0%)
[2026-03-17 03:17:01] [溢价告警] 原油LOF易方达(161129) 溢价率: 16.62% (阈值: 10.0%)
[2026-03-17 03:18:29] [溢价告警] 嘉实原油LOF(160723) 溢价率: 17.44% (阈值: 10.0%)
[2026-03-17 03:21:39] [溢价告警] 全球芯片LOF(501225) 溢价率: 12.43% (阈值: 10.0%)
[2026-03-17 03:24:03] [溢价告警] 南方原油LOF(501018) 溢价率: 14.64% (阈值: 10.0%)
[2026-03-17 05:41:49] [溢价告警] 国投白银LOF(161226) 溢价率: 30.45% (阈值: 10.0%)
[2026-03-17 05:42:11] [溢价告警] 原油LOF易方达(161129) 溢价率: 19.46% (阈值: 10.0%)
[2026-03-17 05:43:33] [溢价告警] 嘉实原油LOF(160723) 溢价率: 21.04% (阈值: 10.0%)
[2026-03-17 05:46:39] [溢价告警] 全球芯片LOF(501225) 溢价率: 12.48% (阈值: 10.0%)
[2026-03-17 05:49:15] [溢价告警] 南方原油LOF(501018) 溢价率: 16.89% (阈值: 10.0%)
[2026-03-18 03:24:50] [溢价告警] 国投白银LOF(161226) 溢价率: 24.56% (阈值: 10.0%)
[2026-03-18 03:25:01] [溢价告警] 原油LOF易方达(161129) 溢价率: 23.00% (阈值: 10.0%)
[2026-03-18 03:26:35] [溢价告警] 嘉实原油LOF(160723) 溢价率: 23.94% (阈值: 10.0%)
[2026-03-18 03:28:07] [溢价告警] 石油基金LOF(160416) 溢价率: 13.19% (阈值: 10.0%)
[2026-03-18 03:32:41] [溢价告警] 南方原油LOF(501018) 溢价率: 22.20% (阈值: 10.0%)
[2026-03-18 05:44:13] [溢价告警] 国投白银LOF(161226) 溢价率: 24.77% (阈值: 10.0%)
[2026-03-18 05:44:28] [溢价告警] 原油LOF易方达(161129) 溢价率: 15.02% (阈值: 10.0%)
[2026-03-18 05:45:35] [溢价告警] 嘉实原油LOF(160723) 溢价率: 15.52% (阈值: 10.0%)
[2026-03-18 05:50:04] [溢价告警] 南方原油LOF(501018) 溢价率: 15.63% (阈值: 10.0%)
[2026-03-19 03:25:01] [溢价告警] 国投白银LOF(161226) 溢价率: 21.36% (阈值: 10.0%)
[2026-03-19 03:25:23] [溢价告警] 原油LOF易方达(161129) 溢价率: 21.97% (阈值: 10.0%)
[2026-03-19 03:27:03] [溢价告警] 嘉实原油LOF(160723) 溢价率: 23.04% (阈值: 10.0%)
[2026-03-19 03:28:29] [溢价告警] 石油基金LOF(160416) 溢价率: 11.55% (阈值: 10.0%)
[2026-03-19 03:33:20] [溢价告警] 南方原油LOF(501018) 溢价率: 23.05% (阈值: 10.0%)
[2026-03-19 05:42:27] [溢价告警] 国投白银LOF(161226) 溢价率: 18.81% (阈值: 10.0%)
[2026-03-19 05:42:45] [溢价告警] 原油LOF易方达(161129) 溢价率: 23.42% (阈值: 10.0%)
[2026-03-19 05:44:07] [溢价告警] 嘉实原油LOF(160723) 溢价率: 24.39% (阈值: 10.0%)
[2026-03-19 05:45:19] [溢价告警] 石油基金LOF(160416) 溢价率: 13.76% (阈值: 10.0%)
[2026-03-19 05:49:31] [溢价告警] 南方原油LOF(501018) 溢价率: 24.60% (阈值: 10.0%)
[2026-03-20 02:58:41] [溢价告警] 国投白银LOF(161226) 溢价率: 27.66% (阈值: 10.0%)
[2026-03-20 02:59:07] [溢价告警] 原油LOF易方达(161129) 溢价率: 27.13% (阈值: 10.0%)
[2026-03-20 03:00:47] [溢价告警] 嘉实原油LOF(160723) 溢价率: 28.52% (阈值: 10.0%)
[2026-03-20 03:02:30] [溢价告警] 石油基金LOF(160416) 溢价率: 22.01% (阈值: 10.0%)
[2026-03-20 03:07:33] [溢价告警] 南方原油LOF(501018) 溢价率: 29.59% (阈值: 10.0%)
[2026-03-20 05:24:21] [溢价告警] 国投白银LOF(161226) 溢价率: 27.52% (阈值: 10.0%)
[2026-03-20 05:24:39] [溢价告警] 原油LOF易方达(161129) 溢价率: 28.07% (阈值: 10.0%)
[2026-03-20 05:25:54] [溢价告警] 嘉实原油LOF(160723) 溢价率: 29.60% (阈值: 10.0%)
[2026-03-20 05:27:11] [溢价告警] 石油基金LOF(160416) 溢价率: 22.57% (阈值: 10.0%)
[2026-03-20 05:31:03] [溢价告警] 南方原油LOF(501018) 溢价率: 31.17% (阈值: 10.0%)
[2026-03-21 02:52:57] [溢价告警] 国投白银LOF(161226) 溢价率: 36.88% (阈值: 10.0%)
[2026-03-21 02:53:14] [溢价告警] 原油LOF易方达(161129) 溢价率: 27.30% (阈值: 10.0%)
[2026-03-21 02:54:46] [溢价告警] 嘉实原油LOF(160723) 溢价率: 27.88% (阈值: 10.0%)
[2026-03-21 02:56:22] [溢价告警] 石油基金LOF(160416) 溢价率: 14.76% (阈值: 10.0%)
[2026-03-21 03:01:28] [溢价告警] 南方原油LOF(501018) 溢价率: 29.96% (阈值: 10.0%)
[2026-03-21 05:18:09] [溢价告警] 国投白银LOF(161226) 溢价率: 36.88% (阈值: 10.0%)
[2026-03-21 05:18:33] [溢价告警] 原油LOF易方达(161129) 溢价率: 27.30% (阈值: 10.0%)
[2026-03-21 05:20:17] [溢价告警] 嘉实原油LOF(160723) 溢价率: 27.88% (阈值: 10.0%)
[2026-03-21 05:21:51] [溢价告警] 石油基金LOF(160416) 溢价率: 14.76% (阈值: 10.0%)
[2026-03-21 05:26:45] [溢价告警] 南方原油LOF(501018) 溢价率: 29.96% (阈值: 10.0%)
[2026-03-22 03:25:19] [溢价告警] 国投白银LOF(161226) 溢价率: 36.88% (阈值: 10.0%)
[2026-03-22 03:25:39] [溢价告警] 原油LOF易方达(161129) 溢价率: 27.30% (阈值: 10.0%)
[2026-03-22 03:27:26] [溢价告警] 嘉实原油LOF(160723) 溢价率: 27.88% (阈值: 10.0%)
[2026-03-22 03:28:41] [溢价告警] 石油基金LOF(160416) 溢价率: 14.76% (阈值: 10.0%)
[2026-03-22 03:33:09] [溢价告警] 南方原油LOF(501018) 溢价率: 29.96% (阈值: 10.0%)
[2026-03-22 05:35:27] [溢价告警] 国投白银LOF(161226) 溢价率: 36.88% (阈值: 10.0%)
[2026-03-22 05:35:32] [溢价告警] 原油LOF易方达(161129) 溢价率: 27.30% (阈值: 10.0%)
[2026-03-22 05:37:05] [溢价告警] 嘉实原油LOF(160723) 溢价率: 27.88% (阈值: 10.0%)
[2026-03-22 05:38:13] [溢价告警] 石油基金LOF(160416) 溢价率: 14.76% (阈值: 10.0%)
[2026-03-22 05:43:03] [溢价告警] 南方原油LOF(501018) 溢价率: 29.96% (阈值: 10.0%)
[2026-03-23 03:28:24] [溢价告警] 国投白银LOF(161226) 溢价率: 23.22% (阈值: 10.0%)
[2026-03-23 03:28:48] [溢价告警] 原油LOF易方达(161129) 溢价率: 40.02% (阈值: 10.0%)
[2026-03-23 03:30:21] [溢价告警] 嘉实原油LOF(160723) 溢价率: 40.18% (阈值: 10.0%)
[2026-03-23 03:31:46] [溢价告警] 石油基金LOF(160416) 溢价率: 24.51% (阈值: 10.0%)
[2026-03-23 03:36:25] [溢价告警] 南方原油LOF(501018) 溢价率: 42.82% (阈值: 10.0%)
[2026-03-23 05:50:19] [溢价告警] 国投白银LOF(161226) 溢价率: 23.22% (阈值: 10.0%)
[2026-03-23 05:50:36] [溢价告警] 原油LOF易方达(161129) 溢价率: 40.02% (阈值: 10.0%)
[2026-03-23 05:51:52] [溢价告警] 嘉实原油LOF(160723) 溢价率: 40.66% (阈值: 10.0%)
[2026-03-23 05:52:56] [溢价告警] 石油基金LOF(160416) 溢价率: 25.15% (阈值: 10.0%)
[2026-03-23 05:56:46] [溢价告警] 南方原油LOF(501018) 溢价率: 42.98% (阈值: 10.0%)
[2026-03-24 03:12:13] [溢价告警] 煤炭LOF(168204) 溢价率: 19.34% (阈值: 10.0%)
[2026-03-24 03:15:45] [溢价告警] 石油LOF(162719) 溢价率: 14.22% (阈值: 10.0%)
[2026-03-24 03:17:27] [溢价告警] 国投白银LOF(161226) 溢价率: 29.89% (阈值: 10.0%)
[2026-03-24 03:17:46] [溢价告警] 原油LOF易方达(161129) 溢价率: 49.63% (阈值: 10.0%)
[2026-03-24 03:19:11] [溢价告警] 嘉实原油LOF(160723) 溢价率: 48.04% (阈值: 10.0%)
[2026-03-24 03:20:38] [溢价告警] 石油基金LOF(160416) 溢价率: 33.50% (阈值: 10.0%)
[2026-03-24 03:24:59] [溢价告警] 南方原油LOF(501018) 溢价率: 41.73% (阈值: 10.0%)
[2026-03-24 05:38:24] [溢价告警] 煤炭LOF(168204) 溢价率: 19.38% (阈值: 10.0%)
[2026-03-24 05:41:22] [溢价告警] 石油LOF(162719) 溢价率: 17.43% (阈值: 10.0%)
[2026-03-24 05:43:15] [溢价告警] 国投白银LOF(161226) 溢价率: 27.87% (阈值: 10.0%)
[2026-03-24 05:43:37] [溢价告警] 原油LOF易方达(161129) 溢价率: 50.22% (阈值: 10.0%)
[2026-03-24 05:45:19] [溢价告警] 嘉实原油LOF(160723) 溢价率: 48.62% (阈值: 10.0%)
[2026-03-24 05:46:56] [溢价告警] 石油基金LOF(160416) 溢价率: 36.27% (阈值: 10.0%)
[2026-03-24 05:51:30] [溢价告警] 南方原油LOF(501018) 溢价率: 41.73% (阈值: 10.0%)
[2026-03-25 03:22:53] [溢价告警] 国投白银LOF(161226) 溢价率: 39.11% (阈值: 10.0%)
[2026-03-25 03:23:13] [溢价告警] 原油LOF易方达(161129) 溢价率: 50.04% (阈值: 10.0%)
[2026-03-25 03:24:57] [溢价告警] 嘉实原油LOF(160723) 溢价率: 46.34% (阈值: 10.0%)
[2026-03-25 03:26:28] [溢价告警] 石油基金LOF(160416) 溢价率: 23.37% (阈值: 10.0%)
[2026-03-25 03:31:25] [溢价告警] 南方原油LOF(501018) 溢价率: 43.54% (阈值: 10.0%)
[2026-03-25 05:43:03] [溢价告警] 国投白银LOF(161226) 溢价率: 38.79% (阈值: 10.0%)
[2026-03-25 05:43:21] [溢价告警] 原油LOF易方达(161129) 溢价率: 48.87% (阈值: 10.0%)
[2026-03-25 05:44:48] [溢价告警] 嘉实原油LOF(160723) 溢价率: 45.78% (阈值: 10.0%)
[2026-03-25 05:46:06] [溢价告警] 石油基金LOF(160416) 溢价率: 21.29% (阈值: 10.0%)
[2026-03-25 05:50:29] [溢价告警] 南方原油LOF(501018) 溢价率: 41.56% (阈值: 10.0%)
[2026-03-26 03:31:09] [溢价告警] 国投白银LOF(161226) 溢价率: 32.63% (阈值: 10.0%)
[2026-03-26 03:31:31] [溢价告警] 原油LOF易方达(161129) 溢价率: 45.83% (阈值: 10.0%)
[2026-03-26 03:33:01] [溢价告警] 嘉实原油LOF(160723) 溢价率: 42.14% (阈值: 10.0%)
[2026-03-26 03:34:21] [溢价告警] 石油基金LOF(160416) 溢价率: 18.03% (阈值: 10.0%)
[2026-03-26 03:38:40] [溢价告警] 南方原油LOF(501018) 溢价率: 40.54% (阈值: 10.0%)
[2026-03-26 05:53:08] [溢价告警] 国投白银LOF(161226) 溢价率: 29.36% (阈值: 10.0%)
[2026-03-26 05:53:28] [溢价告警] 原油LOF易方达(161129) 溢价率: 46.08% (阈值: 10.0%)
[2026-03-26 05:55:01] [溢价告警] 嘉实原油LOF(160723) 溢价率: 42.64% (阈值: 10.0%)
[2026-03-26 05:56:32] [溢价告警] 石油基金LOF(160416) 溢价率: 22.44% (阈值: 10.0%)
[2026-03-26 06:01:03] [溢价告警] 南方原油LOF(501018) 溢价率: 41.06% (阈值: 10.0%)
[2026-03-27 03:32:04] [溢价告警] 石油LOF(162719) 溢价率: 16.54% (阈值: 10.0%)
[2026-03-27 03:33:52] [溢价告警] 国投白银LOF(161226) 溢价率: 29.72% (阈值: 10.0%)
[2026-03-27 03:34:14] [溢价告警] 原油LOF易方达(161129) 溢价率: 42.65% (阈值: 10.0%)
[2026-03-27 03:35:50] [溢价告警] 嘉实原油LOF(160723) 溢价率: 38.37% (阈值: 10.0%)
[2026-03-27 03:37:19] [溢价告警] 石油基金LOF(160416) 溢价率: 28.64% (阈值: 10.0%)
[2026-03-27 03:41:42] [溢价告警] 南方原油LOF(501018) 溢价率: 41.30% (阈值: 10.0%)
[2026-03-27 05:51:49] [溢价告警] 石油LOF(162719) 溢价率: 15.00% (阈值: 10.0%)
[2026-03-27 05:53:00] [溢价告警] 国投白银LOF(161226) 溢价率: 34.43% (阈值: 10.0%)
[2026-03-27 05:53:18] [溢价告警] 原油LOF易方达(161129) 溢价率: 41.91% (阈值: 10.0%)
[2026-03-27 05:54:28] [溢价告警] 嘉实原油LOF(160723) 溢价率: 37.91% (阈值: 10.0%)
[2026-03-27 05:55:39] [溢价告警] 石油基金LOF(160416) 溢价率: 26.96% (阈值: 10.0%)
[2026-03-27 05:59:16] [溢价告警] 南方原油LOF(501018) 溢价率: 41.42% (阈值: 10.0%)
[2026-03-28 03:19:09] [溢价告警] 石油LOF(162719) 溢价率: 17.16% (阈值: 10.0%)
[2026-03-28 03:21:04] [溢价告警] 国投白银LOF(161226) 溢价率: 37.99% (阈值: 10.0%)
[2026-03-28 03:21:40] [溢价告警] 原油LOF易方达(161129) 溢价率: 35.18% (阈值: 10.0%)
[2026-03-28 03:23:08] [溢价告警] 嘉实原油LOF(160723) 溢价率: 31.21% (阈值: 10.0%)
[2026-03-28 03:24:53] [溢价告警] 石油基金LOF(160416) 溢价率: 26.45% (阈值: 10.0%)
[2026-03-28 03:29:58] [溢价告警] 南方原油LOF(501018) 溢价率: 35.45% (阈值: 10.0%)
[2026-03-28 05:38:23] [溢价告警] 石油LOF(162719) 溢价率: 17.16% (阈值: 10.0%)
[2026-03-28 05:40:27] [溢价告警] 国投白银LOF(161226) 溢价率: 37.99% (阈值: 10.0%)
[2026-03-28 05:40:59] [溢价告警] 原油LOF易方达(161129) 溢价率: 35.18% (阈值: 10.0%)
[2026-03-28 05:42:30] [溢价告警] 嘉实原油LOF(160723) 溢价率: 31.21% (阈值: 10.0%)
[2026-03-28 05:44:06] [溢价告警] 石油基金LOF(160416) 溢价率: 26.45% (阈值: 10.0%)
[2026-03-28 05:48:46] [溢价告警] 南方原油LOF(501018) 溢价率: 35.45% (阈值: 10.0%)
[2026-03-29 03:38:15] [溢价告警] 石油LOF(162719) 溢价率: 17.16% (阈值: 10.0%)
[2026-03-29 03:40:14] [溢价告警] 国投白银LOF(161226) 溢价率: 37.99% (阈值: 10.0%)
[2026-03-29 03:40:38] [溢价告警] 原油LOF易方达(161129) 溢价率: 35.18% (阈值: 10.0%)
[2026-03-29 03:42:13] [溢价告警] 嘉实原油LOF(160723) 溢价率: 31.21% (阈值: 10.0%)
[2026-03-29 03:43:48] [溢价告警] 石油基金LOF(160416) 溢价率: 26.45% (阈值: 10.0%)
[2026-03-29 03:48:56] [溢价告警] 南方原油LOF(501018) 溢价率: 35.45% (阈值: 10.0%)
[2026-03-29 05:53:25] [溢价告警] 石油LOF(162719) 溢价率: 17.16% (阈值: 10.0%)
[2026-03-29 05:54:59] [溢价告警] 国投白银LOF(161226) 溢价率: 37.99% (阈值: 10.0%)
[2026-03-29 05:55:18] [溢价告警] 原油LOF易方达(161129) 溢价率: 35.18% (阈值: 10.0%)
[2026-03-29 05:56:36] [溢价告警] 嘉实原油LOF(160723) 溢价率: 31.21% (阈值: 10.0%)
[2026-03-29 05:57:56] [溢价告警] 石油基金LOF(160416) 溢价率: 26.45% (阈值: 10.0%)
[2026-03-29 06:01:58] [溢价告警] 南方原油LOF(501018) 溢价率: 35.45% (阈值: 10.0%)
[2026-03-30 03:41:38] [溢价告警] 石油LOF(162719) 溢价率: 24.29% (阈值: 10.0%)
[2026-03-30 03:42:45] [溢价告警] 华宝油气LOF(162411) 溢价率: 10.15% (阈值: 10.0%)
[2026-03-30 03:44:35] [溢价告警] 国投白银LOF(161226) 溢价率: 40.15% (阈值: 10.0%)
[2026-03-30 03:45:07] [溢价告警] 原油LOF易方达(161129) 溢价率: 38.58% (阈值: 10.0%)
[2026-03-30 03:46:48] [溢价告警] 嘉实原油LOF(160723) 溢价率: 33.68% (阈值: 10.0%)
[2026-03-30 03:48:14] [溢价告警] 石油基金LOF(160416) 溢价率: 31.79% (阈值: 10.0%)
[2026-03-30 03:53:05] [溢价告警] 南方原油LOF(501018) 溢价率: 38.65% (阈值: 10.0%)
[2026-03-30 06:09:50] [溢价告警] 石油LOF(162719) 溢价率: 25.43% (阈值: 10.0%)
[2026-03-30 06:10:12] [溢价告警] 华宝油气LOF(162411) 溢价率: 12.77% (阈值: 10.0%)
[2026-03-30 06:11:39] [溢价告警] 国投白银LOF(161226) 溢价率: 39.94% (阈值: 10.0%)
[2026-03-30 06:11:57] [溢价告警] 原油LOF易方达(161129) 溢价率: 37.39% (阈值: 10.0%)
[2026-03-30 06:13:40] [溢价告警] 嘉实原油LOF(160723) 溢价率: 32.84% (阈值: 10.0%)
[2026-03-30 06:14:58] [溢价告警] 石油基金LOF(160416) 溢价率: 32.28% (阈值: 10.0%)
[2026-03-30 06:19:39] [溢价告警] 南方原油LOF(501018) 溢价率: 38.02% (阈值: 10.0%)
[2026-03-31 03:32:04] [溢价告警] 石油LOF(162719) 溢价率: 29.56% (阈值: 10.0%)
[2026-03-31 03:32:26] [溢价告警] 华宝油气LOF(162411) 溢价率: 13.07% (阈值: 10.0%)
[2026-03-31 03:33:03] [溢价告警] 抗通胀LOF(161815) 溢价率: 13.08% (阈值: 10.0%)
[2026-03-31 03:33:55] [溢价告警] 国投白银LOF(161226) 溢价率: 38.11% (阈值: 10.0%)
[2026-03-31 03:34:17] [溢价告警] 原油LOF易方达(161129) 溢价率: 29.70% (阈值: 10.0%)
[2026-03-31 03:35:52] [溢价告警] 嘉实原油LOF(160723) 溢价率: 25.77% (阈值: 10.0%)
[2026-03-31 03:37:25] [溢价告警] 石油基金LOF(160416) 溢价率: 30.98% (阈值: 10.0%)
[2026-03-31 03:41:50] [溢价告警] 南方原油LOF(501018) 溢价率: 30.14% (阈值: 10.0%)
[2026-03-31 05:55:55] [溢价告警] 石油LOF(162719) 溢价率: 36.36% (阈值: 10.0%)
[2026-03-31 05:56:00] [溢价告警] 华宝油气LOF(162411) 溢价率: 18.13% (阈值: 10.0%)
[2026-03-31 05:56:08] [溢价告警] 抗通胀LOF(161815) 溢价率: 10.43% (阈值: 10.0%)
[2026-03-31 05:56:25] [溢价告警] 国投白银LOF(161226) 溢价率: 38.72% (阈值: 10.0%)
[2026-03-31 05:56:40] [溢价告警] 原油LOF易方达(161129) 溢价率: 30.87% (阈值: 10.0%)
[2026-03-31 05:57:55] [溢价告警] 嘉实原油LOF(160723) 溢价率: 26.69% (阈值: 10.0%)
[2026-03-31 05:59:06] [溢价告警] 石油基金LOF(160416) 溢价率: 32.98% (阈值: 10.0%)
[2026-03-31 06:02:58] [溢价告警] 南方原油LOF(501018) 溢价率: 30.47% (阈值: 10.0%)
[2026-04-01 03:47:18] [溢价告警] 石油LOF(162719) 溢价率: 27.96% (阈值: 10.0%)
[2026-04-01 03:48:13] [溢价告警] 抗通胀LOF(161815) 溢价率: 14.60% (阈值: 10.0%)
[2026-04-01 03:49:17] [溢价告警] 国投白银LOF(161226) 溢价率: 35.71% (阈值: 10.0%)
[2026-04-01 03:49:41] [溢价告警] 原油LOF易方达(161129) 溢价率: 18.54% (阈值: 10.0%)
[2026-04-01 03:51:24] [溢价告警] 嘉实原油LOF(160723) 溢价率: 17.11% (阈值: 10.0%)
[2026-04-01 03:51:41] [溢价告警] 高铁LOF(160639) 溢价率: 12.02% (阈值: 10.0%)
[2026-04-01 03:52:58] [溢价告警] 石油基金LOF(160416) 溢价率: 18.13% (阈值: 10.0%)
[2026-04-01 03:54:31] [溢价告警] 高铁基金LOF(160135) 溢价率: 13.29% (阈值: 10.0%)
[2026-04-01 03:54:59] [溢价告警] 全球芯片LOF(501225) 溢价率: 12.19% (阈值: 10.0%)
[2026-04-01 03:57:54] [溢价告警] 南方原油LOF(501018) 溢价率: 19.62% (阈值: 10.0%)
[2026-04-01 06:06:49] [溢价告警] 石油LOF(162719) 溢价率: 15.26% (阈值: 10.0%)
[2026-04-01 06:07:42] [溢价告警] 抗通胀LOF(161815) 溢价率: 15.96% (阈值: 10.0%)
[2026-04-01 06:08:31] [溢价告警] 国投白银LOF(161226) 溢价率: 38.21% (阈值: 10.0%)
[2026-04-01 06:08:49] [溢价告警] 原油LOF易方达(161129) 溢价率: 12.48% (阈值: 10.0%)
[2026-04-01 06:10:21] [溢价告警] 嘉实原油LOF(160723) 溢价率: 10.52% (阈值: 10.0%)
[2026-04-01 06:11:42] [溢价告警] 石油基金LOF(160416) 溢价率: 10.09% (阈值: 10.0%)
[2026-04-01 06:12:28] [溢价告警] 高铁基金LOF(160135) 溢价率: 13.10% (阈值: 10.0%)
[2026-04-01 06:13:27] [溢价告警] 全球芯片LOF(501225) 溢价率: 12.34% (阈值: 10.0%)
[2026-04-01 06:15:50] [溢价告警] 南方原油LOF(501018) 溢价率: 13.55% (阈值: 10.0%)
[2026-04-02 03:29:10] [溢价告警] 石油LOF(162719) 溢价率: 21.47% (阈值: 10.0%)
[2026-04-02 03:30:22] [溢价告警] 抗通胀LOF(161815) 溢价率: 24.90% (阈值: 10.0%)
[2026-04-02 03:31:16] [溢价告警] 国投白银LOF(161226) 溢价率: 33.35% (阈值: 10.0%)
[2026-04-02 03:31:39] [溢价告警] 原油LOF易方达(161129) 溢价率: 21.53% (阈值: 10.0%)
[2026-04-02 03:33:17] [溢价告警] 嘉实原油LOF(160723) 溢价率: 19.92% (阈值: 10.0%)
[2026-04-02 03:34:54] [溢价告警] 石油基金LOF(160416) 溢价率: 15.81% (阈值: 10.0%)
[2026-04-02 03:39:47] [溢价告警] 南方原油LOF(501018) 溢价率: 22.41% (阈值: 10.0%)
[2026-04-02 05:52:35] [溢价告警] 石油LOF(162719) 溢价率: 25.20% (阈值: 10.0%)
[2026-04-02 05:53:37] [溢价告警] 抗通胀LOF(161815) 溢价率: 24.06% (阈值: 10.0%)
[2026-04-02 05:54:43] [溢价告警] 国投白银LOF(161226) 溢价率: 29.52% (阈值: 10.0%)
[2026-04-02 05:55:00] [溢价告警] 原油LOF易方达(161129) 溢价率: 24.98% (阈值: 10.0%)
[2026-04-02 05:56:49] [溢价告警] 嘉实原油LOF(160723) 溢价率: 22.68% (阈值: 10.0%)
[2026-04-02 05:58:37] [溢价告警] 石油基金LOF(160416) 溢价率: 19.97% (阈值: 10.0%)
[2026-04-02 06:03:50] [溢价告警] 南方原油LOF(501018) 溢价率: 25.49% (阈值: 10.0%)
[2026-04-03 03:30:54] [溢价告警] 全球油气能源LOF(163208) 溢价率: 10.77% (阈值: 10.0%)
[2026-04-03 03:31:23] [溢价告警] 石油LOF(162719) 溢价率: 32.11% (阈值: 10.0%)
[2026-04-03 03:32:22] [溢价告警] 抗通胀LOF(161815) 溢价率: 10.34% (阈值: 10.0%)
[2026-04-03 03:33:17] [溢价告警] 国投白银LOF(161226) 溢价率: 32.58% (阈值: 10.0%)
[2026-04-03 03:33:40] [溢价告警] 原油LOF易方达(161129) 溢价率: 37.62% (阈值: 10.0%)
[2026-04-03 03:35:25] [溢价告警] 嘉实原油LOF(160723) 溢价率: 35.35% (阈值: 10.0%)
[2026-04-03 03:36:54] [溢价告警] 石油基金LOF(160416) 溢价率: 28.45% (阈值: 10.0%)
[2026-04-03 03:42:23] [溢价告警] 南方原油LOF(501018) 溢价率: 38.69% (阈值: 10.0%)
[2026-04-03 05:51:46] [溢价告警] 石油LOF(162719) 溢价率: 26.97% (阈值: 10.0%)
[2026-04-03 05:53:19] [溢价告警] 国投白银LOF(161226) 溢价率: 32.86% (阈值: 10.0%)
[2026-04-03 05:53:40] [溢价告警] 原油LOF易方达(161129) 溢价率: 34.56% (阈值: 10.0%)
[2026-04-03 05:54:59] [溢价告警] 嘉实原油LOF(160723) 溢价率: 32.21% (阈值: 10.0%)
[2026-04-03 05:56:16] [溢价告警] 石油基金LOF(160416) 溢价率: 23.19% (阈值: 10.0%)
[2026-04-03 06:00:16] [溢价告警] 南方原油LOF(501018) 溢价率: 36.56% (阈值: 10.0%)
[2026-04-04 03:18:24] [溢价告警] 石油LOF(162719) 溢价率: 23.46% (阈值: 10.0%)
[2026-04-04 03:20:31] [溢价告警] 国投白银LOF(161226) 溢价率: 36.64% (阈值: 10.0%)
[2026-04-04 03:20:57] [溢价告警] 原油LOF易方达(161129) 溢价率: 29.40% (阈值: 10.0%)
[2026-04-04 03:22:33] [溢价告警] 嘉实原油LOF(160723) 溢价率: 27.85% (阈值: 10.0%)
[2026-04-04 03:24:27] [溢价告警] 石油基金LOF(160416) 溢价率: 24.64% (阈值: 10.0%)
[2026-04-04 03:29:13] [溢价告警] 南方原油LOF(501018) 溢价率: 30.99% (阈值: 10.0%)
[2026-04-04 05:38:47] [溢价告警] 石油LOF(162719) 溢价率: 23.46% (阈值: 10.0%)
[2026-04-04 05:41:01] [溢价告警] 国投白银LOF(161226) 溢价率: 36.64% (阈值: 10.0%)
[2026-04-04 05:41:22] [溢价告警] 原油LOF易方达(161129) 溢价率: 29.40% (阈值: 10.0%)
[2026-04-04 05:43:09] [溢价告警] 嘉实原油LOF(160723) 溢价率: 27.85% (阈值: 10.0%)
[2026-04-04 05:44:46] [溢价告警] 石油基金LOF(160416) 溢价率: 24.64% (阈值: 10.0%)
[2026-04-04 05:50:15] [溢价告警] 南方原油LOF(501018) 溢价率: 30.99% (阈值: 10.0%)
[2026-04-05 03:40:04] [溢价告警] 石油LOF(162719) 溢价率: 23.46% (阈值: 10.0%)
[2026-04-05 03:42:08] [溢价告警] 国投白银LOF(161226) 溢价率: 36.64% (阈值: 10.0%)
[2026-04-05 03:42:29] [溢价告警] 原油LOF易方达(161129) 溢价率: 29.40% (阈值: 10.0%)
[2026-04-05 03:44:18] [溢价告警] 嘉实原油LOF(160723) 溢价率: 27.85% (阈值: 10.0%)
[2026-04-05 03:45:50] [溢价告警] 石油基金LOF(160416) 溢价率: 24.64% (阈值: 10.0%)
[2026-04-05 03:50:42] [溢价告警] 南方原油LOF(501018) 溢价率: 30.99% (阈值: 10.0%)
[2026-04-05 05:55:27] [溢价告警] 石油LOF(162719) 溢价率: 23.46% (阈值: 10.0%)
[2026-04-05 05:57:06] [溢价告警] 国投白银LOF(161226) 溢价率: 36.64% (阈值: 10.0%)
[2026-04-05 05:57:26] [溢价告警] 原油LOF易方达(161129) 溢价率: 29.40% (阈值: 10.0%)
[2026-04-05 05:58:58] [溢价告警] 嘉实原油LOF(160723) 溢价率: 27.85% (阈值: 10.0%)
[2026-04-05 06:00:19] [溢价告警] 石油基金LOF(160416) 溢价率: 24.64% (阈值: 10.0%)
[2026-04-05 06:04:59] [溢价告警] 南方原油LOF(501018) 溢价率: 30.99% (阈值: 10.0%)
[2026-04-06 03:42:41] [溢价告警] 石油LOF(162719) 溢价率: 23.46% (阈值: 10.0%)
[2026-04-06 03:44:46] [溢价告警] 国投白银LOF(161226) 溢价率: 36.64% (阈值: 10.0%)
[2026-04-06 03:45:08] [溢价告警] 原油LOF易方达(161129) 溢价率: 29.40% (阈值: 10.0%)
[2026-04-06 03:47:04] [溢价告警] 嘉实原油LOF(160723) 溢价率: 27.85% (阈值: 10.0%)
[2026-04-06 03:48:23] [溢价告警] 石油基金LOF(160416) 溢价率: 24.64% (阈值: 10.0%)
[2026-04-06 03:53:19] [溢价告警] 南方原油LOF(501018) 溢价率: 30.99% (阈值: 10.0%)
[2026-04-06 06:10:58] [溢价告警] 石油LOF(162719) 溢价率: 23.46% (阈值: 10.0%)
[2026-04-06 06:12:47] [溢价告警] 国投白银LOF(161226) 溢价率: 36.64% (阈值: 10.0%)
[2026-04-06 06:13:17] [溢价告警] 原油LOF易方达(161129) 溢价率: 29.40% (阈值: 10.0%)
[2026-04-06 06:15:00] [溢价告警] 嘉实原油LOF(160723) 溢价率: 27.85% (阈值: 10.0%)
[2026-04-06 06:16:35] [溢价告警] 石油基金LOF(160416) 溢价率: 24.64% (阈值: 10.0%)
[2026-04-06 06:21:37] [溢价告警] 南方原油LOF(501018) 溢价率: 30.99% (阈值: 10.0%)
[2026-04-07 03:32:56] [溢价告警] 石油LOF(162719) 溢价率: 25.46% (阈值: 10.0%)
[2026-04-07 03:35:02] [溢价告警] 原油LOF易方达(161129) 溢价率: 35.01% (阈值: 10.0%)
[2026-04-07 03:36:36] [溢价告警] 嘉实原油LOF(160723) 溢价率: 32.42% (阈值: 10.0%)
[2026-04-07 03:37:59] [溢价告警] 石油基金LOF(160416) 溢价率: 27.70% (阈值: 10.0%)
[2026-04-07 03:42:27] [溢价告警] 南方原油LOF(501018) 溢价率: 36.73% (阈值: 10.0%)
[2026-04-07 05:57:20] [溢价告警] 石油LOF(162719) 溢价率: 23.95% (阈值: 10.0%)
[2026-04-07 05:58:47] [溢价告警] 国投白银LOF(161226) 溢价率: 36.49% (阈值: 10.0%)
[2026-04-07 05:59:03] [溢价告警] 原油LOF易方达(161129) 溢价率: 36.53% (阈值: 10.0%)
[2026-04-07 06:00:20] [溢价告警] 嘉实原油LOF(160723) 溢价率: 32.13% (阈值: 10.0%)
[2026-04-07 06:01:29] [溢价告警] 石油基金LOF(160416) 溢价率: 26.79% (阈值: 10.0%)
[2026-04-07 06:05:11] [溢价告警] 南方原油LOF(501018) 溢价率: 36.90% (阈值: 10.0%)
[2026-04-08 03:35:03] [溢价告警] 石油LOF(162719) 溢价率: 10.33% (阈值: 10.0%)
[2026-04-08 03:36:53] [溢价告警] 国投白银LOF(161226) 溢价率: 44.47% (阈值: 10.0%)
[2026-04-08 03:37:13] [溢价告警] 原油LOF易方达(161129) 溢价率: 27.05% (阈值: 10.0%)
[2026-04-08 03:38:45] [溢价告警] 嘉实原油LOF(160723) 溢价率: 22.27% (阈值: 10.0%)
[2026-04-08 03:40:15] [溢价告警] 石油基金LOF(160416) 溢价率: 14.23% (阈值: 10.0%)
[2026-04-08 03:42:13] [溢价告警] 全球芯片LOF(501225) 溢价率: 12.09% (阈值: 10.0%)
[2026-04-08 03:45:07] [溢价告警] 南方原油LOF(501018) 溢价率: 27.44% (阈值: 10.0%)
[2026-04-08 05:59:39] [溢价告警] 石油LOF(162719) 溢价率: 10.33% (阈值: 10.0%)
[2026-04-08 06:01:16] [溢价告警] 国投白银LOF(161226) 溢价率: 47.97% (阈值: 10.0%)
[2026-04-08 06:01:39] [溢价告警] 原油LOF易方达(161129) 溢价率: 27.05% (阈值: 10.0%)
[2026-04-08 06:03:21] [溢价告警] 嘉实原油LOF(160723) 溢价率: 22.27% (阈值: 10.0%)
[2026-04-08 06:04:58] [溢价告警] 石油基金LOF(160416) 溢价率: 14.23% (阈值: 10.0%)
[2026-04-08 06:07:02] [溢价告警] 全球芯片LOF(501225) 溢价率: 12.80% (阈值: 10.0%)
[2026-04-08 06:09:45] [溢价告警] 南方原油LOF(501018) 溢价率: 27.44% (阈值: 10.0%)
[2026-04-09 03:30:39] [溢价告警] 石油LOF(162719) 溢价率: 11.44% (阈值: 10.0%)
[2026-04-09 03:32:23] [溢价告警] 国投白银LOF(161226) 溢价率: 39.94% (阈值: 10.0%)
[2026-04-09 03:32:43] [溢价告警] 原油LOF易方达(161129) 溢价率: 33.02% (阈值: 10.0%)
[2026-04-09 03:34:13] [溢价告警] 嘉实原油LOF(160723) 溢价率: 23.12% (阈值: 10.0%)
[2026-04-09 03:35:33] [溢价告警] 石油基金LOF(160416) 溢价率: 16.86% (阈值: 10.0%)
[2026-04-09 03:37:28] [溢价告警] 全球芯片LOF(501225) 溢价率: 13.27% (阈值: 10.0%)
[2026-04-09 03:39:54] [溢价告警] 南方原油LOF(501018) 溢价率: 30.72% (阈值: 10.0%)
[2026-04-09 06:00:14] [溢价告警] 石油LOF(162719) 溢价率: 11.61% (阈值: 10.0%)
[2026-04-09 06:02:15] [溢价告警] 原油LOF易方达(161129) 溢价率: 33.54% (阈值: 10.0%)
[2026-04-09 06:03:36] [溢价告警] 嘉实原油LOF(160723) 溢价率: 25.13% (阈值: 10.0%)
[2026-04-09 06:04:51] [溢价告警] 石油基金LOF(160416) 溢价率: 16.86% (阈值: 10.0%)
[2026-04-09 06:06:37] [溢价告警] 全球芯片LOF(501225) 溢价率: 12.85% (阈值: 10.0%)
[2026-04-09 06:09:06] [溢价告警] 南方原油LOF(501018) 溢价率: 32.39% (阈值: 10.0%)
[2026-04-10 03:44:42] [溢价告警] 国投白银LOF(161226) 溢价率: 37.23% (阈值: 10.0%)
[2026-04-10 03:44:59] [溢价告警] 原油LOF易方达(161129) 溢价率: 39.08% (阈值: 10.0%)
[2026-04-10 03:46:35] [溢价告警] 嘉实原油LOF(160723) 溢价率: 26.14% (阈值: 10.0%)
[2026-04-10 03:48:02] [溢价告警] 石油基金LOF(160416) 溢价率: 15.71% (阈值: 10.0%)
[2026-04-10 03:50:08] [溢价告警] 全球芯片LOF(501225) 溢价率: 10.99% (阈值: 10.0%)
[2026-04-10 03:52:49] [溢价告警] 南方原油LOF(501018) 溢价率: 36.06% (阈值: 10.0%)
[2026-04-10 06:10:38] [溢价告警] 国投白银LOF(161226) 溢价率: 37.33% (阈值: 10.0%)
[2026-04-10 06:10:55] [溢价告警] 原油LOF易方达(161129) 溢价率: 38.83% (阈值: 10.0%)
[2026-04-10 06:12:08] [溢价告警] 嘉实原油LOF(160723) 溢价率: 25.42% (阈值: 10.0%)
[2026-04-10 06:13:19] [溢价告警] 石油基金LOF(160416) 溢价率: 14.40% (阈值: 10.0%)
[2026-04-10 06:14:47] [溢价告警] 全球芯片LOF(501225) 溢价率: 11.30% (阈值: 10.0%)
[2026-04-10 06:16:56] [溢价告警] 南方原油LOF(501018) 溢价率: 34.40% (阈值: 10.0%)
[2026-04-11 03:24:06] [溢价告警] 国投白银LOF(161226) 溢价率: 36.34% (阈值: 10.0%)
[2026-04-11 03:24:21] [溢价告警] 原油LOF易方达(161129) 溢价率: 35.70% (阈值: 10.0%)
[2026-04-11 03:26:05] [溢价告警] 嘉实原油LOF(160723) 溢价率: 22.04% (阈值: 10.0%)
[2026-04-11 03:27:36] [溢价告警] 石油基金LOF(160416) 溢价率: 16.10% (阈值: 10.0%)
[2026-04-11 03:32:39] [溢价告警] 南方原油LOF(501018) 溢价率: 30.12% (阈值: 10.0%)
[2026-04-11 05:43:40] [溢价告警] 国投白银LOF(161226) 溢价率: 36.34% (阈值: 10.0%)
[2026-04-11 05:43:58] [溢价告警] 原油LOF易方达(161129) 溢价率: 35.70% (阈值: 10.0%)
[2026-04-11 05:45:23] [溢价告警] 嘉实原油LOF(160723) 溢价率: 22.04% (阈值: 10.0%)
[2026-04-11 05:46:39] [溢价告警] 石油基金LOF(160416) 溢价率: 16.10% (阈值: 10.0%)
[2026-04-11 05:50:59] [溢价告警] 南方原油LOF(501018) 溢价率: 30.12% (阈值: 10.0%)
[2026-04-12 03:53:30] [溢价告警] 国投白银LOF(161226) 溢价率: 36.34% (阈值: 10.0%)
[2026-04-12 03:53:55] [溢价告警] 原油LOF易方达(161129) 溢价率: 35.70% (阈值: 10.0%)
[2026-04-12 03:56:35] [溢价告警] 嘉实原油LOF(160723) 溢价率: 22.04% (阈值: 10.0%)
[2026-04-12 03:57:45] [溢价告警] 石油基金LOF(160416) 溢价率: 16.10% (阈值: 10.0%)
[2026-04-12 04:03:20] [溢价告警] 南方原油LOF(501018) 溢价率: 30.12% (阈值: 10.0%)
[2026-04-12 06:07:37] [溢价告警] 国投白银LOF(161226) 溢价率: 36.34% (阈值: 10.0%)
[2026-04-12 06:07:59] [溢价告警] 原油LOF易方达(161129) 溢价率: 35.70% (阈值: 10.0%)
[2026-04-12 06:09:55] [溢价告警] 嘉实原油LOF(160723) 溢价率: 22.04% (阈值: 10.0%)
[2026-04-12 06:11:38] [溢价告警] 石油基金LOF(160416) 溢价率: 16.10% (阈值: 10.0%)
[2026-04-12 06:17:02] [溢价告警] 南方原油LOF(501018) 溢价率: 30.12% (阈值: 10.0%)
[2026-04-13 03:55:07] [溢价告警] 石油LOF(162719) 溢价率: 15.20% (阈值: 10.0%)
[2026-04-13 03:57:09] [溢价告警] 国投白银LOF(161226) 溢价率: 33.68% (阈值: 10.0%)
[2026-04-13 03:57:30] [溢价告警] 原油LOF易方达(161129) 溢价率: 43.87% (阈值: 10.0%)
[2026-04-13 03:59:12] [溢价告警] 嘉实原油LOF(160723) 溢价率: 29.62% (阈值: 10.0%)
[2026-04-13 04:00:41] [溢价告警] 石油基金LOF(160416) 溢价率: 22.83% (阈值: 10.0%)
[2026-04-13 04:02:43] [溢价告警] 全球芯片LOF(501225) 溢价率: 10.62% (阈值: 10.0%)
[2026-04-13 04:05:17] [溢价告警] 南方原油LOF(501018) 溢价率: 38.31% (阈值: 10.0%)
[2026-04-13 06:28:14] [溢价告警] 石油LOF(162719) 溢价率: 13.49% (阈值: 10.0%)
[2026-04-13 06:29:32] [溢价告警] 国投白银LOF(161226) 溢价率: 34.20% (阈值: 10.0%)
[2026-04-13 06:29:46] [溢价告警] 原油LOF易方达(161129) 溢价率: 41.04% (阈值: 10.0%)
[2026-04-13 06:30:50] [溢价告警] 嘉实原油LOF(160723) 溢价率: 29.46% (阈值: 10.0%)
[2026-04-13 06:31:58] [溢价告警] 石油基金LOF(160416) 溢价率: 21.42% (阈值: 10.0%)
[2026-04-13 06:33:35] [溢价告警] 全球芯片LOF(501225) 溢价率: 10.49% (阈值: 10.0%)
[2026-04-13 06:35:33] [溢价告警] 南方原油LOF(501018) 溢价率: 36.80% (阈值: 10.0%)
[2026-04-14 03:44:50] [溢价告警] 国投白银LOF(161226) 溢价率: 34.90% (阈值: 10.0%)
[2026-04-14 03:45:13] [溢价告警] 原油LOF易方达(161129) 溢价率: 35.02% (阈值: 10.0%)
[2026-04-14 03:46:47] [溢价告警] 嘉实原油LOF(160723) 溢价率: 28.79% (阈值: 10.0%)
[2026-04-14 03:48:10] [溢价告警] 石油基金LOF(160416) 溢价率: 17.97% (阈值: 10.0%)
[2026-04-14 03:50:06] [溢价告警] 全球芯片LOF(501225) 溢价率: 15.21% (阈值: 10.0%)
[2026-04-14 03:51:01] [溢价告警] 科创国寿LOF(501097) 溢价率: 12.90% (阈值: 10.0%)
[2026-04-14 03:53:00] [溢价告警] 南方原油LOF(501018) 溢价率: 33.92% (阈值: 10.0%)
[2026-04-14 06:13:56] [溢价告警] 国投白银LOF(161226) 溢价率: 35.09% (阈值: 10.0%)
[2026-04-14 06:14:14] [溢价告警] 原油LOF易方达(161129) 溢价率: 34.90% (阈值: 10.0%)
[2026-04-14 06:15:44] [溢价告警] 嘉实原油LOF(160723) 溢价率: 29.41% (阈值: 10.0%)
[2026-04-14 06:17:06] [溢价告警] 石油基金LOF(160416) 溢价率: 17.26% (阈值: 10.0%)
[2026-04-14 06:19:00] [溢价告警] 全球芯片LOF(501225) 溢价率: 15.34% (阈值: 10.0%)
[2026-04-14 06:19:51] [溢价告警] 科创国寿LOF(501097) 溢价率: 12.90% (阈值: 10.0%)
[2026-04-14 06:21:29] [溢价告警] 南方原油LOF(501018) 溢价率: 33.57% (阈值: 10.0%)
[2026-04-15 03:43:07] [溢价告警] 国投白银LOF(161226) 溢价率: 38.29% (阈值: 10.0%)
[2026-04-15 03:43:27] [溢价告警] 原油LOF易方达(161129) 溢价率: 27.84% (阈值: 10.0%)
[2026-04-15 03:45:03] [溢价告警] 嘉实原油LOF(160723) 溢价率: 23.66% (阈值: 10.0%)
[2026-04-15 03:46:30] [溢价告警] 石油基金LOF(160416) 溢价率: 13.81% (阈值: 10.0%)
[2026-04-15 03:48:42] [溢价告警] 全球芯片LOF(501225) 溢价率: 15.86% (阈值: 10.0%)
[2026-04-15 03:49:38] [溢价告警] 科创国寿LOF(501097) 溢价率: 18.42% (阈值: 10.0%)
[2026-04-15 03:51:21] [溢价告警] 南方原油LOF(501018) 溢价率: 28.38% (阈值: 10.0%)
[2026-04-15 06:13:08] [溢价告警] 国投白银LOF(161226) 溢价率: 36.96% (阈值: 10.0%)
[2026-04-15 06:13:17] [溢价告警] 原油LOF易方达(161129) 溢价率: 25.63% (阈值: 10.0%)
[2026-04-15 06:14:31] [溢价告警] 嘉实原油LOF(160723) 溢价率: 21.33% (阈值: 10.0%)
[2026-04-15 06:15:49] [溢价告警] 石油基金LOF(160416) 溢价率: 12.45% (阈值: 10.0%)
[2026-04-15 06:17:39] [溢价告警] 全球芯片LOF(501225) 溢价率: 15.86% (阈值: 10.0%)
[2026-04-15 06:18:30] [溢价告警] 科创国寿LOF(501097) 溢价率: 23.23% (阈值: 10.0%)
[2026-04-15 06:20:00] [溢价告警] 南方原油LOF(501018) 溢价率: 26.57% (阈值: 10.0%)
[2026-04-16 03:51:26] [溢价告警] 国投白银LOF(161226) 溢价率: 30.33% (阈值: 10.0%)
[2026-04-16 03:51:45] [溢价告警] 原油LOF易方达(161129) 溢价率: 27.91% (阈值: 10.0%)
[2026-04-16 03:53:23] [溢价告警] 嘉实原油LOF(160723) 溢价率: 24.50% (阈值: 10.0%)
[2026-04-16 03:54:51] [溢价告警] 石油基金LOF(160416) 溢价率: 14.09% (阈值: 10.0%)
[2026-04-16 03:56:51] [溢价告警] 全球芯片LOF(501225) 溢价率: 13.19% (阈值: 10.0%)
[2026-04-16 03:57:51] [溢价告警] 科创国寿LOF(501097) 溢价率: 12.00% (阈值: 10.0%)
[2026-04-16 03:59:48] [溢价告警] 南方原油LOF(501018) 溢价率: 31.16% (阈值: 10.0%)
[2026-04-16 06:16:57] [溢价告警] 国投白银LOF(161226) 溢价率: 30.55% (阈值: 10.0%)
[2026-04-16 06:17:17] [溢价告警] 原油LOF易方达(161129) 溢价率: 24.90% (阈值: 10.0%)
[2026-04-16 06:18:47] [溢价告警] 嘉实原油LOF(160723) 溢价率: 22.00% (阈值: 10.0%)
[2026-04-16 06:20:15] [溢价告警] 石油基金LOF(160416) 溢价率: 13.47% (阈值: 10.0%)
[2026-04-16 06:22:06] [溢价告警] 全球芯片LOF(501225) 溢价率: 13.56% (阈值: 10.0%)
[2026-04-16 06:22:58] [溢价告警] 科创国寿LOF(501097) 溢价率: 12.00% (阈值: 10.0%)
[2026-04-16 06:24:39] [溢价告警] 南方原油LOF(501018) 溢价率: 29.64% (阈值: 10.0%)
[2026-04-17 03:48:24] [溢价告警] 国投白银LOF(161226) 溢价率: 28.15% (阈值: 10.0%)
[2026-04-17 03:48:46] [溢价告警] 原油LOF易方达(161129) 溢价率: 24.31% (阈值: 10.0%)
[2026-04-17 03:50:28] [溢价告警] 嘉实原油LOF(160723) 溢价率: 20.34% (阈值: 10.0%)
[2026-04-17 03:51:49] [溢价告警] 石油基金LOF(160416) 溢价率: 14.22% (阈值: 10.0%)
[2026-04-17 03:54:02] [溢价告警] 全球芯片LOF(501225) 溢价率: 14.62% (阈值: 10.0%)
[2026-04-17 03:56:51] [溢价告警] 南方原油LOF(501018) 溢价率: 30.75% (阈值: 10.0%)
[2026-04-17 06:16:49] [溢价告警] 国投白银LOF(161226) 溢价率: 27.71% (阈值: 10.0%)
[2026-04-17 06:17:04] [溢价告警] 原油LOF易方达(161129) 溢价率: 20.93% (阈值: 10.0%)
[2026-04-17 06:18:17] [溢价告警] 嘉实原油LOF(160723) 溢价率: 17.28% (阈值: 10.0%)
[2026-04-17 06:19:22] [溢价告警] 石油基金LOF(160416) 溢价率: 12.73% (阈值: 10.0%)
[2026-04-17 06:21:02] [溢价告警] 全球芯片LOF(501225) 溢价率: 15.03% (阈值: 10.0%)
[2026-04-17 06:23:13] [溢价告警] 南方原油LOF(501018) 溢价率: 27.76% (阈值: 10.0%)
[2026-04-18 03:34:16] [溢价告警] 国投白银LOF(161226) 溢价率: 29.51% (阈值: 10.0%)
[2026-04-18 03:34:37] [溢价告警] 原油LOF易方达(161129) 溢价率: 20.99% (阈值: 10.0%)
[2026-04-18 03:36:10] [溢价告警] 嘉实原油LOF(160723) 溢价率: 17.76% (阈值: 10.0%)
[2026-04-18 03:37:32] [溢价告警] 石油基金LOF(160416) 溢价率: 11.67% (阈值: 10.0%)
[2026-04-18 03:39:51] [溢价告警] 全球芯片LOF(501225) 溢价率: 13.56% (阈值: 10.0%)
[2026-04-18 03:42:49] [溢价告警] 南方原油LOF(501018) 溢价率: 26.12% (阈值: 10.0%)
[2026-04-18 05:53:59] [溢价告警] 国投白银LOF(161226) 溢价率: 29.51% (阈值: 10.0%)
[2026-04-18 05:54:21] [溢价告警] 原油LOF易方达(161129) 溢价率: 20.99% (阈值: 10.0%)
[2026-04-18 05:55:50] [溢价告警] 嘉实原油LOF(160723) 溢价率: 17.76% (阈值: 10.0%)
[2026-04-18 05:57:05] [溢价告警] 石油基金LOF(160416) 溢价率: 11.67% (阈值: 10.0%)
[2026-04-18 05:58:58] [溢价告警] 全球芯片LOF(501225) 溢价率: 13.56% (阈值: 10.0%)
[2026-04-18 06:01:47] [溢价告警] 南方原油LOF(501018) 溢价率: 26.12% (阈值: 10.0%)
[2026-04-19 03:54:02] [溢价告警] 国投白银LOF(161226) 溢价率: 29.51% (阈值: 10.0%)
[2026-04-19 03:54:23] [溢价告警] 原油LOF易方达(161129) 溢价率: 20.99% (阈值: 10.0%)
[2026-04-19 03:56:07] [溢价告警] 嘉实原油LOF(160723) 溢价率: 17.76% (阈值: 10.0%)
[2026-04-19 03:57:32] [溢价告警] 石油基金LOF(160416) 溢价率: 11.67% (阈值: 10.0%)
[2026-04-19 03:59:34] [溢价告警] 全球芯片LOF(501225) 溢价率: 13.56% (阈值: 10.0%)
[2026-04-19 04:02:04] [溢价告警] 南方原油LOF(501018) 溢价率: 26.12% (阈值: 10.0%)
[2026-04-19 06:11:20] [溢价告警] 国投白银LOF(161226) 溢价率: 29.51% (阈值: 10.0%)
[2026-04-19 06:11:36] [溢价告警] 原油LOF易方达(161129) 溢价率: 20.99% (阈值: 10.0%)
[2026-04-19 06:13:02] [溢价告警] 嘉实原油LOF(160723) 溢价率: 17.76% (阈值: 10.0%)
[2026-04-19 06:14:20] [溢价告警] 石油基金LOF(160416) 溢价率: 11.67% (阈值: 10.0%)
[2026-04-19 06:16:07] [溢价告警] 全球芯片LOF(501225) 溢价率: 13.56% (阈值: 10.0%)
[2026-04-19 06:18:20] [溢价告警] 南方原油LOF(501018) 溢价率: 26.12% (阈值: 10.0%)
[2026-04-20 03:55:37] [溢价告警] 国投白银LOF(161226) 溢价率: 30.09% (阈值: 10.0%)
[2026-04-20 03:55:57] [溢价告警] 原油LOF易方达(161129) 溢价率: 22.14% (阈值: 10.0%)
[2026-04-20 03:57:30] [溢价告警] 嘉实原油LOF(160723) 溢价率: 18.71% (阈值: 10.0%)
[2026-04-20 03:58:52] [溢价告警] 石油基金LOF(160416) 溢价率: 12.05% (阈值: 10.0%)
[2026-04-20 04:00:50] [溢价告警] 全球芯片LOF(501225) 溢价率: 13.19% (阈值: 10.0%)
[2026-04-20 04:03:28] [溢价告警] 南方原油LOF(501018) 溢价率: 25.32% (阈值: 10.0%)
[2026-04-20 06:30:59] [溢价告警] 国投白银LOF(161226) 溢价率: 29.82% (阈值: 10.0%)
[2026-04-20 06:31:12] [溢价告警] 原油LOF易方达(161129) 溢价率: 20.99% (阈值: 10.0%)
[2026-04-20 06:32:26] [溢价告警] 嘉实原油LOF(160723) 溢价率: 18.06% (阈值: 10.0%)
[2026-04-20 06:33:30] [溢价告警] 石油基金LOF(160416) 溢价率: 11.81% (阈值: 10.0%)
[2026-04-20 06:35:08] [溢价告警] 全球芯片LOF(501225) 溢价率: 12.09% (阈值: 10.0%)
[2026-04-20 06:37:24] [溢价告警] 南方原油LOF(501018) 溢价率: 24.05% (阈值: 10.0%)
[2026-04-21 03:49:09] [溢价告警] 国投白银LOF(161226) 溢价率: 24.90% (阈值: 10.0%)
[2026-04-21 03:49:31] [溢价告警] 原油LOF易方达(161129) 溢价率: 25.21% (阈值: 10.0%)
[2026-04-21 03:51:07] [溢价告警] 嘉实原油LOF(160723) 溢价率: 21.86% (阈值: 10.0%)
[2026-04-21 03:52:27] [溢价告警] 石油基金LOF(160416) 溢价率: 12.33% (阈值: 10.0%)
[2026-04-21 03:57:11] [溢价告警] 南方原油LOF(501018) 溢价率: 25.91% (阈值: 10.0%)
[2026-04-21 06:15:56] [溢价告警] 国投白银LOF(161226) 溢价率: 24.85% (阈值: 10.0%)
[2026-04-21 06:16:15] [溢价告警] 原油LOF易方达(161129) 溢价率: 22.69% (阈值: 10.0%)
[2026-04-21 06:17:30] [溢价告警] 嘉实原油LOF(160723) 溢价率: 20.90% (阈值: 10.0%)
[2026-04-21 06:18:29] [溢价告警] 石油基金LOF(160416) 溢价率: 10.41% (阈值: 10.0%)
[2026-04-21 06:20:08] [溢价告警] 全球芯片LOF(501225) 溢价率: 10.62% (阈值: 10.0%)
[2026-04-21 06:22:22] [溢价告警] 南方原油LOF(501018) 溢价率: 24.56% (阈值: 10.0%)
[2026-04-22 03:45:59] [溢价告警] 国投白银LOF(161226) 溢价率: 26.75% (阈值: 10.0%)
[2026-04-22 03:46:19] [溢价告警] 原油LOF易方达(161129) 溢价率: 15.78% (阈值: 10.0%)
[2026-04-22 03:47:55] [溢价告警] 嘉实原油LOF(160723) 溢价率: 13.87% (阈值: 10.0%)
[2026-04-22 03:51:37] [溢价告警] 全球芯片LOF(501225) 溢价率: 12.89% (阈值: 10.0%)
[2026-04-22 03:54:43] [溢价告警] 南方原油LOF(501018) 溢价率: 16.32% (阈值: 10.0%)
[2026-04-22 06:14:35] [溢价告警] 国投白银LOF(161226) 溢价率: 26.62% (阈值: 10.0%)
[2026-04-22 06:14:53] [溢价告警] 原油LOF易方达(161129) 溢价率: 13.04% (阈值: 10.0%)
[2026-04-22 06:16:27] [溢价告警] 嘉实原油LOF(160723) 溢价率: 11.23% (阈值: 10.0%)
[2026-04-22 06:20:08] [溢价告警] 全球芯片LOF(501225) 溢价率: 14.72% (阈值: 10.0%)
[2026-04-22 06:22:42] [溢价告警] 南方原油LOF(501018) 溢价率: 13.06% (阈值: 10.0%)
[2026-04-23 03:47:17] [溢价告警] 国富中证A100LOF(164508) 溢价率: 12.82% (阈值: 10.0%)
[2026-04-23 03:50:06] [溢价告警] 国投白银LOF(161226) 溢价率: 24.57% (阈值: 10.0%)
[2026-04-23 03:50:24] [溢价告警] 原油LOF易方达(161129) 溢价率: 17.48% (阈值: 10.0%)
[2026-04-23 03:52:04] [溢价告警] 嘉实原油LOF(160723) 溢价率: 14.73% (阈值: 10.0%)
[2026-04-23 03:53:26] [溢价告警] 石油基金LOF(160416) 溢价率: 13.98% (阈值: 10.0%)
[2026-04-23 03:55:35] [溢价告警] 全球芯片LOF(501225) 溢价率: 13.20% (阈值: 10.0%)
[2026-04-23 03:58:24] [溢价告警] 南方原油LOF(501018) 溢价率: 16.72% (阈值: 10.0%)
[2026-04-23 06:18:59] [溢价告警] 国富中证A100LOF(164508) 溢价率: 12.75% (阈值: 10.0%)
[2026-04-23 06:21:20] [溢价告警] 国投白银LOF(161226) 溢价率: 24.75% (阈值: 10.0%)
[2026-04-23 06:21:52] [溢价告警] 原油LOF易方达(161129) 溢价率: 14.81% (阈值: 10.0%)
[2026-04-23 06:23:10] [溢价告警] 嘉实原油LOF(160723) 溢价率: 11.58% (阈值: 10.0%)
[2026-04-23 06:24:30] [溢价告警] 石油基金LOF(160416) 溢价率: 10.46% (阈值: 10.0%)
[2026-04-23 06:26:18] [溢价告警] 全球芯片LOF(501225) 溢价率: 16.02% (阈值: 10.0%)
[2026-04-23 06:26:40] [溢价告警] 鹏华创新未来LOF(501205) 溢价率: 10.28% (阈值: 10.0%)
[2026-04-23 06:28:39] [溢价告警] 南方原油LOF(501018) 溢价率: 13.50% (阈值: 10.0%)
[2026-04-24 03:53:49] [溢价告警] 国投白银LOF(161226) 溢价率: 21.18% (阈值: 10.0%)
[2026-04-24 03:54:11] [溢价告警] 原油LOF易方达(161129) 溢价率: 20.70% (阈值: 10.0%)
[2026-04-24 03:55:52] [溢价告警] 嘉实原油LOF(160723) 溢价率: 15.62% (阈值: 10.0%)
[2026-04-24 03:57:19] [溢价告警] 石油基金LOF(160416) 溢价率: 10.74% (阈值: 10.0%)
[2026-04-24 03:59:28] [溢价告警] 全球芯片LOF(501225) 溢价率: 20.39% (阈值: 10.0%)
[2026-04-24 04:02:22] [溢价告警] 南方原油LOF(501018) 溢价率: 17.55% (阈值: 10.0%)
[2026-04-24 06:23:41] [溢价告警] 国投白银LOF(161226) 溢价率: 22.14% (阈值: 10.0%)
[2026-04-24 06:24:02] [溢价告警] 原油LOF易方达(161129) 溢价率: 19.39% (阈值: 10.0%)
[2026-04-24 06:25:44] [溢价告警] 嘉实原油LOF(160723) 溢价率: 14.73% (阈值: 10.0%)
[2026-04-24 06:28:54] [溢价告警] 全球芯片LOF(501225) 溢价率: 20.97% (阈值: 10.0%)
[2026-04-24 06:31:11] [溢价告警] 南方原油LOF(501018) 溢价率: 17.04% (阈值: 10.0%)
[2026-04-25 03:31:37] [溢价告警] 多因子LOF(166107) 溢价率: 10.48% (阈值: 10.0%)
[2026-04-25 03:37:06] [溢价告警] 国投白银LOF(161226) 溢价率: 25.20% (阈值: 10.0%)
[2026-04-25 03:37:25] [溢价告警] 原油LOF易方达(161129) 溢价率: 15.91% (阈值: 10.0%)
[2026-04-25 03:39:14] [溢价告警] 嘉实原油LOF(160723) 溢价率: 12.24% (阈值: 10.0%)
[2026-04-25 03:43:05] [溢价告警] 全球芯片LOF(501225) 溢价率: 20.20% (阈值: 10.0%)
[2026-04-25 03:46:20] [溢价告警] 南方原油LOF(501018) 溢价率: 14.38% (阈值: 10.0%)
[2026-04-25 05:59:15] [溢价告警] 多因子LOF(166107) 溢价率: 10.48% (阈值: 10.0%)
[2026-04-25 06:02:28] [溢价告警] 国投白银LOF(161226) 溢价率: 25.20% (阈值: 10.0%)
[2026-04-25 06:02:56] [溢价告警] 原油LOF易方达(161129) 溢价率: 15.91% (阈值: 10.0%)
[2026-04-25 06:05:00] [溢价告警] 嘉实原油LOF(160723) 溢价率: 12.24% (阈值: 10.0%)
[2026-04-25 06:08:40] [溢价告警] 全球芯片LOF(501225) 溢价率: 20.20% (阈值: 10.0%)
[2026-04-25 06:11:52] [溢价告警] 南方原油LOF(501018) 溢价率: 14.38% (阈值: 10.0%)
[2026-04-26 03:54:56] [溢价告警] 多因子LOF(166107) 溢价率: 10.48% (阈值: 10.0%)
[2026-04-26 03:59:58] [溢价告警] 国投白银LOF(161226) 溢价率: 25.20% (阈值: 10.0%)
[2026-04-26 04:00:16] [溢价告警] 原油LOF易方达(161129) 溢价率: 15.91% (阈值: 10.0%)
[2026-04-26 04:01:58] [溢价告警] 嘉实原油LOF(160723) 溢价率: 12.24% (阈值: 10.0%)
[2026-04-26 04:05:38] [溢价告警] 全球芯片LOF(501225) 溢价率: 20.20% (阈值: 10.0%)
[2026-04-26 04:08:26] [溢价告警] 南方原油LOF(501018) 溢价率: 14.38% (阈值: 10.0%)
[2026-04-26 06:20:15] [溢价告警] 多因子LOF(166107) 溢价率: 10.48% (阈值: 10.0%)
[2026-04-26 06:24:06] [溢价告警] 国投白银LOF(161226) 溢价率: 25.20% (阈值: 10.0%)
[2026-04-26 06:24:28] [溢价告警] 原油LOF易方达(161129) 溢价率: 15.91% (阈值: 10.0%)
[2026-04-26 06:26:31] [溢价告警] 嘉实原油LOF(160723) 溢价率: 12.24% (阈值: 10.0%)
[2026-04-26 06:29:57] [溢价告警] 全球芯片LOF(501225) 溢价率: 20.20% (阈值: 10.0%)
[2026-04-26 06:32:21] [溢价告警] 南方原油LOF(501018) 溢价率: 14.38% (阈值: 10.0%)
[2026-04-27 04:03:50] [溢价告警] 国投白银LOF(161226) 溢价率: 25.20% (阈值: 10.0%)
[2026-04-27 04:04:09] [溢价告警] 原油LOF易方达(161129) 溢价率: 12.54% (阈值: 10.0%)
[2026-04-27 04:09:23] [溢价告警] 全球芯片LOF(501225) 溢价率: 27.41% (阈值: 10.0%)
[2026-04-27 04:12:57] [溢价告警] 南方原油LOF(501018) 溢价率: 11.07% (阈值: 10.0%)
[2026-04-27 06:44:33] [溢价告警] 国投白银LOF(161226) 溢价率: 24.96% (阈值: 10.0%)
[2026-04-27 06:44:49] [溢价告警] 原油LOF易方达(161129) 溢价率: 16.44% (阈值: 10.0%)
[2026-04-27 06:46:06] [溢价告警] 嘉实原油LOF(160723) 溢价率: 11.42% (阈值: 10.0%)
[2026-04-27 06:48:55] [溢价告警] 全球芯片LOF(501225) 溢价率: 25.23% (阈值: 10.0%)
[2026-04-27 06:51:09] [溢价告警] 南方原油LOF(501018) 溢价率: 13.22% (阈值: 10.0%)
[2026-04-28 04:09:26] [溢价告警] 国投白银LOF(161226) 溢价率: 23.05% (阈值: 10.0%)
[2026-04-28 04:09:50] [溢价告警] 原油LOF易方达(161129) 溢价率: 17.99% (阈值: 10.0%)
[2026-04-28 04:11:50] [溢价告警] 嘉实原油LOF(160723) 溢价率: 12.31% (阈值: 10.0%)
[2026-04-28 04:15:40] [溢价告警] 全球芯片LOF(501225) 溢价率: 17.46% (阈值: 10.0%)
[2026-04-28 04:18:38] [溢价告警] 南方原油LOF(501018) 溢价率: 14.06% (阈值: 10.0%)
[2026-04-28 06:47:34] [溢价告警] 国投白银LOF(161226) 溢价率: 22.15% (阈值: 10.0%)
[2026-04-28 06:47:52] [溢价告警] 原油LOF易方达(161129) 溢价率: 20.02% (阈值: 10.0%)
[2026-04-28 06:49:32] [溢价告警] 嘉实原油LOF(160723) 溢价率: 13.85% (阈值: 10.0%)
[2026-04-28 06:53:08] [溢价告警] 全球芯片LOF(501225) 溢价率: 14.33% (阈值: 10.0%)
[2026-04-28 06:56:18] [溢价告警] 南方原油LOF(501018) 溢价率: 15.55% (阈值: 10.0%)
[2026-04-29 04:06:38] [溢价告警] 国投白银LOF(161226) 溢价率: 25.48% (阈值: 10.0%)
[2026-04-29 04:07:02] [溢价告警] 原油LOF易方达(161129) 溢价率: 19.86% (阈值: 10.0%)
[2026-04-29 04:08:38] [溢价告警] 嘉实原油LOF(160723) 溢价率: 13.75% (阈值: 10.0%)
[2026-04-29 04:11:55] [溢价告警] 全球芯片LOF(501225) 溢价率: 15.85% (阈值: 10.0%)
[2026-04-29 04:14:56] [溢价告警] 南方原油LOF(501018) 溢价率: 16.80% (阈值: 10.0%)
[2026-04-29 06:39:25] [溢价告警] 国投白银LOF(161226) 溢价率: 25.48% (阈值: 10.0%)
[2026-04-29 06:39:33] [溢价告警] 原油LOF易方达(161129) 溢价率: 19.00% (阈值: 10.0%)
[2026-04-29 06:40:46] [溢价告警] 嘉实原油LOF(160723) 溢价率: 13.89% (阈值: 10.0%)
[2026-04-29 06:43:21] [溢价告警] 全球芯片LOF(501225) 溢价率: 19.66% (阈值: 10.0%)
[2026-04-29 06:45:31] [溢价告警] 南方原油LOF(501018) 溢价率: 17.39% (阈值: 10.0%)
[2026-04-30 04:07:05] [溢价告警] 国投白银LOF(161226) 溢价率: 27.62% (阈值: 10.0%)
[2026-04-30 04:07:27] [溢价告警] 原油LOF易方达(161129) 溢价率: 22.52% (阈值: 10.0%)
[2026-04-30 04:08:59] [溢价告警] 嘉实原油LOF(160723) 溢价率: 15.81% (阈值: 10.0%)
[2026-04-30 04:12:25] [溢价告警] 全球芯片LOF(501225) 溢价率: 27.49% (阈值: 10.0%)
[2026-04-30 04:15:09] [溢价告警] 南方原油LOF(501018) 溢价率: 19.89% (阈值: 10.0%)
[2026-04-30 06:43:55] [溢价告警] 国投白银LOF(161226) 溢价率: 29.10% (阈值: 10.0%)
[2026-04-30 06:44:05] [溢价告警] 原油LOF易方达(161129) 溢价率: 19.40% (阈值: 10.0%)
[2026-04-30 06:45:18] [溢价告警] 嘉实原油LOF(160723) 溢价率: 14.33% (阈值: 10.0%)
[2026-04-30 06:48:32] [溢价告警] 全球芯片LOF(501225) 溢价率: 28.98% (阈值: 10.0%)
[2026-04-30 06:50:43] [溢价告警] 南方原油LOF(501018) 溢价率: 17.61% (阈值: 10.0%)
[2026-05-01 04:19:45] [溢价告警] 国投白银LOF(161226) 溢价率: 32.84% (阈值: 10.0%)
[2026-05-01 04:20:06] [溢价告警] 原油LOF易方达(161129) 溢价率: 11.76% (阈值: 10.0%)
[2026-05-01 04:25:02] [溢价告警] 全球芯片LOF(501225) 溢价率: 29.96% (阈值: 10.0%)
[2026-05-01 04:27:35] [溢价告警] 南方原油LOF(501018) 溢价率: 10.30% (阈值: 10.0%)
[2026-05-01 06:48:03] [溢价告警] 国投白银LOF(161226) 溢价率: 32.84% (阈值: 10.0%)
[2026-05-01 06:48:22] [溢价告警] 原油LOF易方达(161129) 溢价率: 11.76% (阈值: 10.0%)
[2026-05-01 06:52:30] [溢价告警] 全球芯片LOF(501225) 溢价率: 29.96% (阈值: 10.0%)
[2026-05-01 06:54:41] [溢价告警] 南方原油LOF(501018) 溢价率: 10.30% (阈值: 10.0%)
[2026-05-02 03:53:52] [溢价告警] 国投白银LOF(161226) 溢价率: 32.84% (阈值: 10.0%)
[2026-05-02 03:54:12] [溢价告警] 原油LOF易方达(161129) 溢价率: 11.76% (阈值: 10.0%)
[2026-05-02 03:59:04] [溢价告警] 全球芯片LOF(501225) 溢价率: 29.96% (阈值: 10.0%)
[2026-05-02 04:01:39] [溢价告警] 南方原油LOF(501018) 溢价率: 10.30% (阈值: 10.0%)
[2026-05-02 06:23:59] [溢价告警] 国投白银LOF(161226) 溢价率: 32.84% (阈值: 10.0%)
[2026-05-02 06:24:17] [溢价告警] 原油LOF易方达(161129) 溢价率: 11.76% (阈值: 10.0%)
[2026-05-02 06:28:34] [溢价告警] 全球芯片LOF(501225) 溢价率: 29.96% (阈值: 10.0%)
[2026-05-02 06:31:00] [溢价告警] 南方原油LOF(501018) 溢价率: 10.30% (阈值: 10.0%)
[2026-05-03 04:13:54] [溢价告警] 国投白银LOF(161226) 溢价率: 32.84% (阈值: 10.0%)
[2026-05-03 04:14:18] [溢价告警] 原油LOF易方达(161129) 溢价率: 11.76% (阈值: 10.0%)
[2026-05-03 04:18:56] [溢价告警] 全球芯片LOF(501225) 溢价率: 29.96% (阈值: 10.0%)
[2026-05-03 04:21:35] [溢价告警] 南方原油LOF(501018) 溢价率: 10.30% (阈值: 10.0%)
[2026-05-03 06:42:30] [溢价告警] 国投白银LOF(161226) 溢价率: 32.84% (阈值: 10.0%)
[2026-05-03 06:42:49] [溢价告警] 原油LOF易方达(161129) 溢价率: 11.76% (阈值: 10.0%)
[2026-05-03 06:47:23] [溢价告警] 全球芯片LOF(501225) 溢价率: 29.96% (阈值: 10.0%)
[2026-05-03 06:49:58] [溢价告警] 南方原油LOF(501018) 溢价率: 10.30% (阈值: 10.0%)
[2026-05-04 04:12:28] [溢价告警] 国投白银LOF(161226) 溢价率: 32.84% (阈值: 10.0%)
[2026-05-04 04:12:55] [溢价告警] 原油LOF易方达(161129) 溢价率: 11.76% (阈值: 10.0%)
[2026-05-04 04:18:19] [溢价告警] 全球芯片LOF(501225) 溢价率: 29.96% (阈值: 10.0%)
[2026-05-04 04:21:21] [溢价告警] 南方原油LOF(501018) 溢价率: 10.30% (阈值: 10.0%)
[2026-05-04 07:28:19] [溢价告警] 国投白银LOF(161226) 溢价率: 32.84% (阈值: 10.0%)
[2026-05-04 07:28:32] [溢价告警] 原油LOF易方达(161129) 溢价率: 11.76% (阈值: 10.0%)
[2026-05-04 07:31:54] [溢价告警] 全球芯片LOF(501225) 溢价率: 29.96% (阈值: 10.0%)
[2026-05-04 07:33:38] [溢价告警] 南方原油LOF(501018) 溢价率: 10.30% (阈值: 10.0%)
[2026-05-05 03:53:39] [溢价告警] 国投白银LOF(161226) 溢价率: 32.84% (阈值: 10.0%)
[2026-05-05 03:54:02] [溢价告警] 原油LOF易方达(161129) 溢价率: 11.76% (阈值: 10.0%)
[2026-05-05 03:59:03] [溢价告警] 全球芯片LOF(501225) 溢价率: 29.96% (阈值: 10.0%)
[2026-05-05 04:02:00] [溢价告警] 南方原油LOF(501018) 溢价率: 10.30% (阈值: 10.0%)
[2026-05-05 06:31:57] [溢价告警] 国投白银LOF(161226) 溢价率: 32.84% (阈值: 10.0%)
[2026-05-05 06:32:18] [溢价告警] 原油LOF易方达(161129) 溢价率: 11.76% (阈值: 10.0%)
[2026-05-05 06:36:30] [溢价告警] 全球芯片LOF(501225) 溢价率: 29.96% (阈值: 10.0%)
[2026-05-05 06:38:58] [溢价告警] 南方原油LOF(501018) 溢价率: 10.30% (阈值: 10.0%)
[2026-05-06 04:08:09] [溢价告警] 国投白银LOF(161226) 溢价率: 35.27% (阈值: 10.0%)
[2026-05-06 04:11:48] [溢价告警] 华夏磐晟LOF(160324) 溢价率: 15.58% (阈值: 10.0%)
[2026-05-06 04:13:45] [溢价告警] 全球芯片LOF(501225) 溢价率: 41.23% (阈值: 10.0%)
[2026-05-06 04:14:40] [溢价告警] 国联安科创LOF(501096) 溢价率: 10.41% (阈值: 10.0%)
[2026-05-07 04:07:44] [溢价告警] 国投白银LOF(161226) 溢价率: 29.47% (阈值: 10.0%)
[2026-05-07 04:09:51] [溢价告警] 港美互联网LOF(160644) 溢价率: 11.30% (阈值: 10.0%)
[2026-05-07 04:13:09] [溢价告警] 全球芯片LOF(501225) 溢价率: 44.80% (阈值: 10.0%)
[2026-05-07 07:21:18] [溢价告警] 国投白银LOF(161226) 溢价率: 29.90% (阈值: 10.0%)
[2026-05-07 07:24:37] [溢价告警] 全球芯片LOF(501225) 溢价率: 44.48% (阈值: 10.0%)
[2026-05-08 03:56:29] [溢价告警] 国投白银LOF(161226) 溢价率: 25.61% (阈值: 10.0%)
[2026-05-08 03:56:46] [溢价告警] 原油LOF易方达(161129) 溢价率: 11.39% (阈值: 10.0%)
[2026-05-08 04:01:00] [溢价告警] 全球芯片LOF(501225) 溢价率: 27.51% (阈值: 10.0%)
[2026-05-08 06:11:34] [溢价告警] 国投白银LOF(161226) 溢价率: 26.03% (阈值: 10.0%)
[2026-05-08 06:15:57] [溢价告警] 全球芯片LOF(501225) 溢价率: 35.74% (阈值: 10.0%)
[2026-05-09 04:00:21] [溢价告警] 国投白银LOF(161226) 溢价率: 21.74% (阈值: 10.0%)
[2026-05-09 04:00:50] [溢价告警] 原油LOF易方达(161129) 溢价率: 10.56% (阈值: 10.0%)
[2026-05-09 04:06:46] [溢价告警] 全球芯片LOF(501225) 溢价率: 38.80% (阈值: 10.0%)
[2026-05-09 06:31:22] [溢价告警] 国投白银LOF(161226) 溢价率: 21.74% (阈值: 10.0%)
[2026-05-09 06:31:42] [溢价告警] 原油LOF易方达(161129) 溢价率: 10.56% (阈值: 10.0%)
[2026-05-09 06:36:41] [溢价告警] 全球芯片LOF(501225) 溢价率: 38.80% (阈值: 10.0%)
[2026-05-10 04:19:50] [溢价告警] 国投白银LOF(161226) 溢价率: 21.74% (阈值: 10.0%)
[2026-05-10 04:20:14] [溢价告警] 原油LOF易方达(161129) 溢价率: 10.56% (阈值: 10.0%)
[2026-05-10 04:26:47] [溢价告警] 全球芯片LOF(501225) 溢价率: 38.80% (阈值: 10.0%)
[2026-05-10 06:48:11] [溢价告警] 国投白银LOF(161226) 溢价率: 21.74% (阈值: 10.0%)
[2026-05-10 06:48:19] [溢价告警] 原油LOF易方达(161129) 溢价率: 10.56% (阈值: 10.0%)
[2026-05-10 06:53:08] [溢价告警] 全球芯片LOF(501225) 溢价率: 38.80% (阈值: 10.0%)
[2026-05-11 04:31:41] [溢价告警] 国投白银LOF(161226) 溢价率: 20.32% (阈值: 10.0%)
[2026-05-11 04:32:34] [溢价告警] 原油LOF易方达(161129) 溢价率: 13.17% (阈值: 10.0%)
[2026-05-11 04:44:48] [溢价告警] 全球芯片LOF(501225) 溢价率: 46.93% (阈值: 10.0%)
[2026-05-11 04:47:58] [溢价告警] 南方原油LOF(501018) 溢价率: 11.70% (阈值: 10.0%)
[2026-05-11 07:57:14] [溢价告警] 国投白银LOF(161226) 溢价率: 19.39% (阈值: 10.0%)
[2026-05-11 07:57:28] [溢价告警] 原油LOF易方达(161129) 溢价率: 12.59% (阈值: 10.0%)
[2026-05-11 07:58:41] [溢价告警] 港美互联网LOF(160644) 溢价率: 11.40% (阈值: 10.0%)
[2026-05-11 08:01:00] [溢价告警] 全球芯片LOF(501225) 溢价率: 46.82% (阈值: 10.0%)
[2026-05-11 08:01:46] [溢价告警] 国联安科创LOF(501096) 溢价率: 11.45% (阈值: 10.0%)
[2026-05-11 08:03:09] [溢价告警] 南方原油LOF(501018) 溢价率: 10.93% (阈值: 10.0%)
[2026-05-12 04:08:13] [溢价告警] 国投白银LOF(161226) 溢价率: 23.47% (阈值: 10.0%)
[2026-05-12 04:08:29] [溢价告警] 原油LOF易方达(161129) 溢价率: 12.14% (阈值: 10.0%)
[2026-05-12 04:12:02] [溢价告警] 全球芯片LOF(501225) 溢价率: 39.26% (阈值: 10.0%)
[2026-05-12 06:52:00] [溢价告警] 国投白银LOF(161226) 溢价率: 22.54% (阈值: 10.0%)
[2026-05-12 06:52:06] [溢价告警] 原油LOF易方达(161129) 溢价率: 11.74% (阈值: 10.0%)
[2026-05-12 06:54:07] [溢价告警] 全球芯片LOF(501225) 溢价率: 38.69% (阈值: 10.0%)
[2026-05-13 04:13:09] [溢价告警] 中信保诚鼎利LOF(165528) 溢价率: 13.94% (阈值: 10.0%)
[2026-05-13 04:17:46] [溢价告警] 国投白银LOF(161226) 溢价率: 15.26% (阈值: 10.0%)
[2026-05-13 04:23:21] [溢价告警] 全球芯片LOF(501225) 溢价率: 32.61% (阈值: 10.0%)
[2026-05-13 07:27:42] [溢价告警] 中信保诚鼎利LOF(165528) 溢价率: 14.16% (阈值: 10.0%)
[2026-05-13 07:31:13] [溢价告警] 国投白银LOF(161226) 溢价率: 15.05% (阈值: 10.0%)
[2026-05-13 07:33:04] [溢价告警] 港美互联网LOF(160644) 溢价率: 14.33% (阈值: 10.0%)
[2026-05-13 07:35:21] [溢价告警] 全球芯片LOF(501225) 溢价率: 42.46% (阈值: 10.0%)
[2026-05-14 04:11:56] [溢价告警] 中信保诚鼎利LOF(165528) 溢价率: 21.68% (阈值: 10.0%)
[2026-05-14 04:16:03] [溢价告警] 国投白银LOF(161226) 溢价率: 12.93% (阈值: 10.0%)
[2026-05-14 04:18:05] [溢价告警] 港美互联网LOF(160644) 溢价率: 17.69% (阈值: 10.0%)
[2026-05-14 04:20:42] [溢价告警] 全球芯片LOF(501225) 溢价率: 41.15% (阈值: 10.0%)
[2026-05-14 07:22:26] [溢价告警] 中信保诚鼎利LOF(165528) 溢价率: 21.68% (阈值: 10.0%)
[2026-05-14 07:23:31] [溢价告警] 国投白银LOF(161226) 溢价率: 12.85% (阈值: 10.0%)
[2026-05-14 07:24:45] [溢价告警] 港美互联网LOF(160644) 溢价率: 14.06% (阈值: 10.0%)
[2026-05-14 07:26:21] [溢价告警] 全球芯片LOF(501225) 溢价率: 41.29% (阈值: 10.0%)
[2026-05-15 04:17:02] [溢价告警] 中信保诚鼎利LOF(165528) 溢价率: 10.36% (阈值: 10.0%)
[2026-05-15 04:26:34] [溢价告警] 港美互联网LOF(160644) 溢价率: 15.77% (阈值: 10.0%)
[2026-05-15 04:31:05] [溢价告警] 全球芯片LOF(501225) 溢价率: 37.27% (阈值: 10.0%)
[2026-05-15 07:33:49] [溢价告警] 中信保诚鼎利LOF(165528) 溢价率: 10.36% (阈值: 10.0%)
[2026-05-15 07:39:16] [溢价告警] 全球芯片LOF(501225) 溢价率: 27.07% (阈值: 10.0%)
[2026-05-16 03:59:43] [溢价告警] 中信保诚鼎利LOF(165528) 溢价率: 12.51% (阈值: 10.0%)
[2026-05-16 04:04:50] [溢价告警] 国投白银LOF(161226) 溢价率: 13.22% (阈值: 10.0%)
[2026-05-16 04:10:05] [溢价告警] 全球芯片LOF(501225) 溢价率: 27.18% (阈值: 10.0%)
[2026-05-16 06:34:58] [溢价告警] 中信保诚鼎利LOF(165528) 溢价率: 12.51% (阈值: 10.0%)
[2026-05-16 06:38:57] [溢价告警] 国投白银LOF(161226) 溢价率: 13.22% (阈值: 10.0%)
[2026-05-16 06:43:27] [溢价告警] 全球芯片LOF(501225) 溢价率: 27.18% (阈值: 10.0%)
[2026-05-17 04:20:01] [溢价告警] 中信保诚鼎利LOF(165528) 溢价率: 12.51% (阈值: 10.0%)
[2026-05-17 04:25:55] [溢价告警] 国投白银LOF(161226) 溢价率: 13.22% (阈值: 10.0%)
[2026-05-17 04:35:26] [溢价告警] 全球芯片LOF(501225) 溢价率: 27.18% (阈值: 10.0%)
[2026-05-17 07:14:56] [溢价告警] 中信保诚鼎利LOF(165528) 溢价率: 12.51% (阈值: 10.0%)
[2026-05-17 07:18:40] [溢价告警] 国投白银LOF(161226) 溢价率: 13.22% (阈值: 10.0%)
[2026-05-17 07:22:28] [溢价告警] 全球芯片LOF(501225) 溢价率: 27.18% (阈值: 10.0%)
[2026-05-18 04:51:03] [溢价告警] 全球芯片LOF(501225) 溢价率: 21.11% (阈值: 10.0%)
[2026-05-18 04:53:33] [溢价告警] 南方原油LOF(501018) 溢价率: 10.61% (阈值: 10.0%)
[2026-05-18 08:22:13] [溢价告警] 全球芯片LOF(501225) 溢价率: 24.08% (阈值: 10.0%)
[2026-05-18 08:24:05] [溢价告警] 南方原油LOF(501018) 溢价率: 11.65% (阈值: 10.0%)
[2026-05-19 04:33:12] [溢价告警] 国投白银LOF(161226) 溢价率: 17.36% (阈值: 10.0%)
[2026-05-19 04:41:30] [溢价告警] 全球芯片LOF(501225) 溢价率: 20.49% (阈值: 10.0%)
[2026-05-19 08:00:32] [溢价告警] 国投白银LOF(161226) 溢价率: 17.41% (阈值: 10.0%)
[2026-05-19 08:05:24] [溢价告警] 全球芯片LOF(501225) 溢价率: 23.12% (阈值: 10.0%)
[2026-05-20 04:41:35] [溢价告警] 国投白银LOF(161226) 溢价率: 12.33% (阈值: 10.0%)
[2026-05-20 04:48:01] [溢价告警] 全球芯片LOF(501225) 溢价率: 22.94% (阈值: 10.0%)
[2026-05-20 07:58:18] [溢价告警] 国投白银LOF(161226) 溢价率: 14.02% (阈值: 10.0%)
[2026-05-20 08:01:32] [溢价告警] 全球芯片LOF(501225) 溢价率: 33.88% (阈值: 10.0%)
[2026-05-21 04:48:39] [溢价告警] 国投白银LOF(161226) 溢价率: 18.39% (阈值: 10.0%)
[2026-05-21 04:53:39] [溢价告警] 全球芯片LOF(501225) 溢价率: 38.32% (阈值: 10.0%)
[2026-05-21 04:54:16] [溢价告警] 科创加银LOF(501200) 溢价率: 14.13% (阈值: 10.0%)
[2026-05-21 08:06:45] [溢价告警] 国投白银LOF(161226) 溢价率: 16.59% (阈值: 10.0%)
[2026-05-21 08:11:08] [溢价告警] 全球芯片LOF(501225) 溢价率: 35.33% (阈值: 10.0%)
[2026-05-21 08:11:43] [溢价告警] 科创加银LOF(501200) 溢价率: 13.54% (阈值: 10.0%)
[2026-05-22 04:40:34] [溢价告警] 国投白银LOF(161226) 溢价率: 13.40% (阈值: 10.0%)
[2026-05-22 04:45:10] [溢价告警] 全球芯片LOF(501225) 溢价率: 33.05% (阈值: 10.0%)
[2026-05-22 07:55:29] [溢价告警] 国投白银LOF(161226) 溢价率: 16.06% (阈值: 10.0%)
[2026-05-22 07:58:06] [溢价告警] 全球芯片LOF(501225) 溢价率: 40.82% (阈值: 10.0%)
[2026-05-23 04:11:09] [溢价告警] 国投白银LOF(161226) 溢价率: 15.73% (阈值: 10.0%)
[2026-05-23 04:16:04] [溢价告警] 全球芯片LOF(501225) 溢价率: 40.78% (阈值: 10.0%)
[2026-05-23 06:47:18] [溢价告警] 国投白银LOF(161226) 溢价率: 15.73% (阈值: 10.0%)
[2026-05-23 06:51:34] [溢价告警] 全球芯片LOF(501225) 溢价率: 40.78% (阈值: 10.0%)
[2026-05-24 04:42:29] [溢价告警] 国投白银LOF(161226) 溢价率: 15.73% (阈值: 10.0%)
[2026-05-24 04:47:34] [溢价告警] 全球芯片LOF(501225) 溢价率: 40.78% (阈值: 10.0%)
[2026-05-24 07:33:06] [溢价告警] 国投白银LOF(161226) 溢价率: 15.73% (阈值: 10.0%)
[2026-05-24 07:36:55] [溢价告警] 全球芯片LOF(501225) 溢价率: 40.78% (阈值: 10.0%)
[2026-05-25 04:53:51] [溢价告警] 国投白银LOF(161226) 溢价率: 15.97% (阈值: 10.0%)
[2026-05-25 04:58:33] [溢价告警] 全球芯片LOF(501225) 溢价率: 50.35% (阈值: 10.0%)
[2026-05-25 08:43:01] [溢价告警] 国投白银LOF(161226) 溢价率: 15.78% (阈值: 10.0%)
[2026-05-25 08:45:59] [溢价告警] 国泰民益LOF(160220) 溢价率: 10.31% (阈值: 10.0%)
[2026-05-25 08:47:17] [溢价告警] 全球芯片LOF(501225) 溢价率: 50.48% (阈值: 10.0%)
[2026-05-25 08:49:28] [溢价告警] 财通福盛混合LOF(501032) 溢价率: 10.55% (阈值: 10.0%)
[2026-05-26 04:29:32] [溢价告警] 国投白银LOF(161226) 溢价率: 12.30% (阈值: 10.0%)
[2026-05-26 04:32:05] [溢价告警] 港美互联网LOF(160644) 溢价率: 11.35% (阈值: 10.0%)
[2026-05-26 04:35:47] [溢价告警] 全球芯片LOF(501225) 溢价率: 44.75% (阈值: 10.0%)
[2026-05-26 04:38:12] [溢价告警] 财通福鑫定开混合(501046) 溢价率: 12.03% (阈值: 10.0%)
[2026-05-26 04:38:40] [溢价告警] 财通福享混合LOF(501026) 溢价率: 11.23% (阈值: 10.0%)
[2026-05-26 08:03:50] [溢价告警] 国投白银LOF(161226) 溢价率: 12.35% (阈值: 10.0%)
[2026-05-26 08:05:30] [溢价告警] 港美互联网LOF(160644) 溢价率: 13.34% (阈值: 10.0%)
[2026-05-26 08:07:57] [溢价告警] 全球芯片LOF(501225) 溢价率: 44.91% (阈值: 10.0%)
[2026-05-26 08:09:21] [溢价告警] 财通福鑫定开混合(501046) 溢价率: 14.05% (阈值: 10.0%)
[2026-05-26 08:09:38] [溢价告警] 财通福享混合LOF(501026) 溢价率: 13.73% (阈值: 10.0%)
[2026-05-27 04:50:27] [溢价告警] 港美互联网LOF(160644) 溢价率: 24.40% (阈值: 10.0%)
[2026-05-27 04:52:03] [溢价告警] 全球芯片LOF(501225) 溢价率: 51.20% (阈值: 10.0%)
[2026-05-27 04:53:06] [溢价告警] 财通福鑫定开混合(501046) 溢价率: 23.43% (阈值: 10.0%)
[2026-05-27 04:53:21] [溢价告警] 财通福享混合LOF(501026) 溢价率: 23.84% (阈值: 10.0%)
[2026-05-27 08:16:19] [溢价告警] 港美互联网LOF(160644) 溢价率: 23.00% (阈值: 10.0%)
[2026-05-27 08:18:49] [溢价告警] 全球芯片LOF(501225) 溢价率: 51.16% (阈值: 10.0%)
[2026-05-27 08:19:56] [溢价告警] 财通福鑫定开混合(501046) 溢价率: 23.46% (阈值: 10.0%)
[2026-05-27 08:20:12] [溢价告警] 财通福享混合LOF(501026) 溢价率: 23.92% (阈值: 10.0%)
[2026-05-28 04:41:40] [溢价告警] 港美互联网LOF(160644) 溢价率: 15.22% (阈值: 10.0%)
[2026-05-28 04:43:22] [溢价告警] 全球芯片LOF(501225) 溢价率: 37.17% (阈值: 10.0%)
[2026-05-28 04:44:39] [溢价告警] 财通福享混合LOF(501026) 溢价率: 11.89% (阈值: 10.0%)
[2026-05-28 08:17:05] [溢价告警] 港美互联网LOF(160644) 溢价率: 13.42% (阈值: 10.0%)
[2026-05-28 08:20:02] [溢价告警] 全球芯片LOF(501225) 溢价率: 37.14% (阈值: 10.0%)
[2026-05-28 08:21:47] [溢价告警] 财通福鑫定开混合(501046) 溢价率: 18.43% (阈值: 10.0%)
[2026-05-28 08:22:09] [溢价告警] 财通福享混合LOF(501026) 溢价率: 11.89% (阈值: 10.0%)
[2026-05-29 04:40:36] [溢价告警] 鼎弘LOF(167003) 溢价率: 10.05% (阈值: 10.0%)
[2026-05-29 04:48:02] [溢价告警] 港美互联网LOF(160644) 溢价率: 11.28% (阈值: 10.0%)
[2026-05-29 04:51:04] [溢价告警] 全球芯片LOF(501225) 溢价率: 42.04% (阈值: 10.0%)
[2026-05-29 04:52:55] [溢价告警] 财通福鑫定开混合(501046) 溢价率: 18.07% (阈值: 10.0%)
[2026-05-29 08:10:29] [溢价告警] 鼎弘LOF(167003) 溢价率: 10.05% (阈值: 10.0%)
[2026-05-29 08:16:45] [溢价告警] 全球芯片LOF(501225) 溢价率: 41.82% (阈值: 10.0%)
[2026-05-29 08:18:40] [溢价告警] 财通福鑫定开混合(501046) 溢价率: 15.04% (阈值: 10.0%)
[2026-05-30 04:15:11] [溢价告警] 鼎弘LOF(167003) 溢价率: 10.55% (阈值: 10.0%)
[2026-05-30 04:26:08] [溢价告警] 全球芯片LOF(501225) 溢价率: 41.44% (阈值: 10.0%)
[2026-05-30 04:28:23] [溢价告警] 财通福鑫定开混合(501046) 溢价率: 17.76% (阈值: 10.0%)
[2026-05-30 07:20:01] [溢价告警] 鼎弘LOF(167003) 溢价率: 10.55% (阈值: 10.0%)
[2026-05-30 07:26:41] [溢价告警] 全球芯片LOF(501225) 溢价率: 41.44% (阈值: 10.0%)
[2026-05-30 07:28:06] [溢价告警] 财通福鑫定开混合(501046) 溢价率: 17.76% (阈值: 10.0%)
[2026-05-31 04:49:32] [溢价告警] 鼎弘LOF(167003) 溢价率: 10.55% (阈值: 10.0%)
[2026-05-31 05:00:34] [溢价告警] 全球芯片LOF(501225) 溢价率: 41.44% (阈值: 10.0%)
[2026-05-31 05:02:33] [溢价告警] 财通福鑫定开混合(501046) 溢价率: 17.76% (阈值: 10.0%)
[2026-05-31 07:53:00] [溢价告警] 鼎弘LOF(167003) 溢价率: 10.55% (阈值: 10.0%)
[2026-05-31 08:01:16] [溢价告警] 全球芯片LOF(501225) 溢价率: 41.44% (阈值: 10.0%)
[2026-05-31 08:02:56] [溢价告警] 财通福鑫定开混合(501046) 溢价率: 17.76% (阈值: 10.0%)
[2026-06-01 05:22:50] [溢价告警] 全球芯片LOF(501225) 溢价率: 38.46% (阈值: 10.0%)
[2026-06-01 05:24:35] [溢价告警] 财通福鑫定开混合(501046) 溢价率: 11.80% (阈值: 10.0%)
[2026-06-01 09:39:37] [溢价告警] 标普信息科技LOF(161128) 溢价率: 10.04% (阈值: 10.0%)
[2026-06-01 09:41:39] [溢价告警] 港美互联网LOF(160644) 溢价率: 13.86% (阈值: 10.0%)
[2026-06-01 09:44:42] [溢价告警] 全球芯片LOF(501225) 溢价率: 38.40% (阈值: 10.0%)
[2026-06-02 05:05:33] [溢价告警] 港美互联网LOF(160644) 溢价率: 16.10% (阈值: 10.0%)
[2026-06-02 05:08:14] [溢价告警] 全球芯片LOF(501225) 溢价率: 34.06% (阈值: 10.0%)
[2026-06-02 05:10:00] [溢价告警] 财通福鑫定开混合(501046) 溢价率: 20.98% (阈值: 10.0%)
[2026-06-02 05:10:31] [溢价告警] 南方原油LOF(501018) 溢价率: 12.92% (阈值: 10.0%)
[2026-06-02 08:51:38] [溢价告警] 港美互联网LOF(160644) 溢价率: 15.86% (阈值: 10.0%)
[2026-06-02 08:54:37] [溢价告警] 全球芯片LOF(501225) 溢价率: 34.15% (阈值: 10.0%)
[2026-06-02 08:56:26] [溢价告警] 财通福鑫定开混合(501046) 溢价率: 24.47% (阈值: 10.0%)
[2026-06-02 08:57:00] [溢价告警] 南方原油LOF(501018) 溢价率: 11.91% (阈值: 10.0%)
[2026-06-03 05:17:24] [溢价告警] 港美互联网LOF(160644) 溢价率: 14.07% (阈值: 10.0%)
[2026-06-03 05:20:24] [溢价告警] 全球芯片LOF(501225) 溢价率: 41.55% (阈值: 10.0%)
[2026-06-03 05:22:16] [溢价告警] 财通福鑫定开混合(501046) 溢价率: 27.97% (阈值: 10.0%)
[2026-06-03 09:08:41] [溢价告警] 港美互联网LOF(160644) 溢价率: 10.94% (阈值: 10.0%)
[2026-06-03 09:11:20] [溢价告警] 全球芯片LOF(501225) 溢价率: 41.52% (阈值: 10.0%)
[2026-06-03 09:12:48] [溢价告警] 财通福鑫定开混合(501046) 溢价率: 29.84% (阈值: 10.0%)
[2026-06-04 05:12:39] [溢价告警] 全球芯片LOF(501225) 溢价率: 32.41% (阈值: 10.0%)
[2026-06-04 05:14:27] [溢价告警] 财通福鑫定开混合(501046) 溢价率: 36.57% (阈值: 10.0%)
[2026-06-04 08:42:52] [溢价告警] 全球芯片LOF(501225) 溢价率: 32.41% (阈值: 10.0%)
[2026-06-04 08:44:44] [溢价告警] 财通福鑫定开混合(501046) 溢价率: 36.48% (阈值: 10.0%)
[2026-06-05 04:56:42] [溢价告警] 全球芯片LOF(501225) 溢价率: 24.56% (阈值: 10.0%)
[2026-06-05 04:57:22] [溢价告警] 平安新兴产业LOF(501099) 溢价率: 17.77% (阈值: 10.0%)
[2026-06-05 04:58:31] [溢价告警] 财通福鑫定开混合(501046) 溢价率: 45.08% (阈值: 10.0%)
[2026-06-05 08:22:06] [溢价告警] 全球芯片LOF(501225) 溢价率: 25.00% (阈值: 10.0%)
[2026-06-05 08:22:39] [溢价告警] 平安新兴产业LOF(501099) 溢价率: 17.77% (阈值: 10.0%)
[2026-06-05 08:23:22] [溢价告警] 财通福鑫定开混合(501046) 溢价率: 45.11% (阈值: 10.0%)
[2026-06-06 04:29:13] [溢价告警] 全球芯片LOF(501225) 溢价率: 26.19% (阈值: 10.0%)
[2026-06-06 04:29:56] [溢价告警] 平安新兴产业LOF(501099) 溢价率: 23.08% (阈值: 10.0%)
[2026-06-06 04:31:07] [溢价告警] 财通福鑫定开混合(501046) 溢价率: 51.35% (阈值: 10.0%)
[2026-06-06 07:33:43] [溢价告警] 全球芯片LOF(501225) 溢价率: 26.19% (阈值: 10.0%)
[2026-06-06 07:34:30] [溢价告警] 平安新兴产业LOF(501099) 溢价率: 23.08% (阈值: 10.0%)
[2026-06-06 07:35:40] [溢价告警] 财通福鑫定开混合(501046) 溢价率: 51.35% (阈值: 10.0%)
[2026-06-07 05:05:04] [溢价告警] 全球芯片LOF(501225) 溢价率: 26.19% (阈值: 10.0%)
[2026-06-07 05:05:49] [溢价告警] 平安新兴产业LOF(501099) 溢价率: 23.08% (阈值: 10.0%)
[2026-06-07 05:07:05] [溢价告警] 财通福鑫定开混合(501046) 溢价率: 51.35% (阈值: 10.0%)
[2026-06-07 08:10:14] [溢价告警] 全球芯片LOF(501225) 溢价率: 26.19% (阈值: 10.0%)
[2026-06-07 08:11:05] [溢价告警] 平安新兴产业LOF(501099) 溢价率: 23.08% (阈值: 10.0%)
[2026-06-07 08:11:58] [溢价告警] 财通福鑫定开混合(501046) 溢价率: 51.35% (阈值: 10.0%)
[2026-06-08 05:10:02] [溢价告警] 全球芯片LOF(501225) 溢价率: 20.49% (阈值: 10.0%)
[2026-06-08 05:10:52] [溢价告警] 平安新兴产业LOF(501099) 溢价率: 10.77% (阈值: 10.0%)
[2026-06-08 05:11:52] [溢价告警] 财通福鑫定开混合(501046) 溢价率: 51.35% (阈值: 10.0%)
[2026-06-08 09:07:26] [溢价告警] 原油LOF易方达(161129) 溢价率: 14.79% (阈值: 10.0%)
[2026-06-08 09:08:44] [溢价告警] 嘉实原油LOF(160723) 溢价率: 13.82% (阈值: 10.0%)
[2026-06-08 09:11:43] [溢价告警] 全球芯片LOF(501225) 溢价率: 28.00% (阈值: 10.0%)
[2026-06-08 09:12:21] [溢价告警] 平安新兴产业LOF(501099) 溢价率: 10.77% (阈值: 10.0%)
[2026-06-08 09:13:19] [溢价告警] 财通福鑫定开混合(501046) 溢价率: 51.35% (阈值: 10.0%)
[2026-06-08 09:13:54] [溢价告警] 南方原油LOF(501018) 溢价率: 15.90% (阈值: 10.0%)
[2026-06-09 04:36:14] [溢价告警] 全球芯片LOF(501225) 溢价率: 44.05% (阈值: 10.0%)
[2026-06-09 04:38:39] [溢价告警] 财通福鑫定开混合(501046) 溢价率: 36.38% (阈值: 10.0%)
[2026-06-09 08:06:11] [溢价告警] 港美互联网LOF(160644) 溢价率: 11.25% (阈值: 10.0%)
[2026-06-09 08:08:46] [溢价告警] 全球芯片LOF(501225) 溢价率: 44.09% (阈值: 10.0%)
[2026-06-09 08:10:30] [溢价告警] 财通福鑫定开混合(501046) 溢价率: 36.38% (阈值: 10.0%)
[2026-06-10 04:52:45] [溢价告警] 嘉实原油LOF(160723) 溢价率: 10.82% (阈值: 10.0%)
[2026-06-10 04:56:06] [溢价告警] 全球芯片LOF(501225) 溢价率: 33.29% (阈值: 10.0%)
[2026-06-10 04:57:51] [溢价告警] 财通福鑫定开混合(501046) 溢价率: 13.33% (阈值: 10.0%)
[2026-06-10 04:58:28] [溢价告警] 南方原油LOF(501018) 溢价率: 14.16% (阈值: 10.0%)
[2026-06-10 08:23:51] [溢价告警] 全球芯片LOF(501225) 溢价率: 33.32% (阈值: 10.0%)
[2026-06-10 08:25:17] [溢价告警] 财通福鑫定开混合(501046) 溢价率: 13.33% (阈值: 10.0%)
[2026-06-11 05:03:40] [溢价告警] 原油LOF易方达(161129) 溢价率: 14.97% (阈值: 10.0%)
[2026-06-11 05:05:10] [溢价告警] 嘉实原油LOF(160723) 溢价率: 14.55% (阈值: 10.0%)
[2026-06-11 05:08:26] [溢价告警] 全球芯片LOF(501225) 溢价率: 29.64% (阈值: 10.0%)
[2026-06-11 05:10:36] [溢价告警] 财通福鑫定开混合(501046) 溢价率: 23.61% (阈值: 10.0%)
[2026-06-11 05:11:13] [溢价告警] 南方原油LOF(501018) 溢价率: 18.02% (阈值: 10.0%)
[2026-06-11 08:59:06] [溢价告警] 原油LOF易方达(161129) 溢价率: 10.47% (阈值: 10.0%)
[2026-06-11 09:00:39] [溢价告警] 嘉实原油LOF(160723) 溢价率: 11.96% (阈值: 10.0%)
[2026-06-11 09:03:41] [溢价告警] 全球芯片LOF(501225) 溢价率: 38.95% (阈值: 10.0%)
[2026-06-11 09:05:37] [溢价告警] 财通福鑫定开混合(501046) 溢价率: 27.32% (阈值: 10.0%)
[2026-06-11 09:06:10] [溢价告警] 南方原油LOF(501018) 溢价率: 15.89% (阈值: 10.0%)
[2026-06-12 05:07:34] [溢价告警] 港美互联网LOF(160644) 溢价率: 10.76% (阈值: 10.0%)
[2026-06-12 05:10:25] [溢价告警] 全球芯片LOF(501225) 溢价率: 43.87% (阈值: 10.0%)
[2026-06-12 05:12:22] [溢价告警] 财通福鑫定开混合(501046) 溢价率: 33.89% (阈值: 10.0%)
[2026-06-12 05:12:54] [溢价告警] 南方原油LOF(501018) 溢价率: 10.71% (阈值: 10.0%)
[2026-06-12 08:47:40] [溢价告警] 全球芯片LOF(501225) 溢价率: 43.97% (阈值: 10.0%)
[2026-06-12 08:49:16] [溢价告警] 财通福鑫定开混合(501046) 溢价率: 34.57% (阈值: 10.0%)
[2026-06-12 08:49:47] [溢价告警] 南方原油LOF(501018) 溢价率: 11.75% (阈值: 10.0%)
[2026-06-13 05:02:00] [溢价告警] 全球芯片LOF(501225) 溢价率: 36.02% (阈值: 10.0%)
[2026-06-13 05:04:15] [溢价告警] 财通福鑫定开混合(501046) 溢价率: 33.09% (阈值: 10.0%)
[2026-06-13 05:04:51] [溢价告警] 南方原油LOF(501018) 溢价率: 12.72% (阈值: 10.0%)
[2026-06-13 08:07:01] [溢价告警] 全球芯片LOF(501225) 溢价率: 36.02% (阈值: 10.0%)
[2026-06-13 08:09:12] [溢价告警] 财通福鑫定开混合(501046) 溢价率: 33.09% (阈值: 10.0%)
[2026-06-13 08:09:49] [溢价告警] 南方原油LOF(501018) 溢价率: 12.72% (阈值: 10.0%)
[2026-06-14 05:16:54] [溢价告警] 全球芯片LOF(501225) 溢价率: 36.02% (阈值: 10.0%)
[2026-06-14 05:18:54] [溢价告警] 财通福鑫定开混合(501046) 溢价率: 33.09% (阈值: 10.0%)
[2026-06-14 05:19:35] [溢价告警] 南方原油LOF(501018) 溢价率: 12.72% (阈值: 10.0%)
[2026-06-14 08:33:23] [溢价告警] 全球芯片LOF(501225) 溢价率: 36.02% (阈值: 10.0%)
[2026-06-14 08:35:42] [溢价告警] 财通福鑫定开混合(501046) 溢价率: 33.09% (阈值: 10.0%)
[2026-06-14 08:36:15] [溢价告警] 南方原油LOF(501018) 溢价率: 12.72% (阈值: 10.0%)
[2026-06-15 05:30:07] [溢价告警] 国投白银LOF(161226) 溢价率: 14.88% (阈值: 10.0%)
[2026-06-15 05:35:03] [溢价告警] 全球芯片LOF(501225) 溢价率: 41.94% (阈值: 10.0%)
[2026-06-15 05:37:04] [溢价告警] 财通福鑫定开混合(501046) 溢价率: 38.04% (阈值: 10.0%)
[2026-06-15 10:38:38] [溢价告警] 国投白银LOF(161226) 溢价率: 16.96% (阈值: 10.0%)
[2026-06-15 10:45:17] [溢价告警] 全球芯片LOF(501225) 溢价率: 41.72% (阈值: 10.0%)
[2026-06-15 10:47:48] [溢价告警] 财通福鑫定开混合(501046) 溢价率: 38.07% (阈值: 10.0%)
[2026-06-16 05:40:29] [溢价告警] 全球芯片LOF(501225) 溢价率: 37.72% (阈值: 10.0%)
[2026-06-16 05:43:48] [溢价告警] 财通福鑫定开混合(501046) 溢价率: 33.88% (阈值: 10.0%)
[2026-06-16 09:37:31] [溢价告警] 景顺资源LOF(162607) 溢价率: 12.14% (阈值: 10.0%)
[2026-06-16 09:44:05] [溢价告警] 全球芯片LOF(501225) 溢价率: 37.78% (阈值: 10.0%)
[2026-06-16 09:45:54] [溢价告警] 财通福鑫定开混合(501046) 溢价率: 33.64% (阈值: 10.0%)
[2026-06-17 05:14:53] [溢价告警] 景顺资源LOF(162607) 溢价率: 10.86% (阈值: 10.0%)
[2026-06-17 05:21:22] [溢价告警] 全球芯片LOF(501225) 溢价率: 31.84% (阈值: 10.0%)
[2026-06-17 05:22:36] [溢价告警] 财通科创LOF(501085) 溢价率: 10.37% (阈值: 10.0%)
[2026-06-17 05:23:21] [溢价告警] 财通福鑫定开混合(501046) 溢价率: 42.12% (阈值: 10.0%)
[2026-06-17 05:23:45] [溢价告警] 财通福瑞混合LOF(501028) 溢价率: 11.54% (阈值: 10.0%)
[2026-06-17 05:23:48] [溢价告警] 财通福享混合LOF(501026) 溢价率: 13.78% (阈值: 10.0%)
[2026-06-17 05:24:04] [溢价告警] 财通升级混合LOF(501015) 溢价率: 13.07% (阈值: 10.0%)
[2026-06-17 05:24:23] [溢价告警] 财通精选混合LOF(501001) 溢价率: 10.56% (阈值: 10.0%)
[2026-06-17 09:14:44] [溢价告警] 景顺资源LOF(162607) 溢价率: 12.11% (阈值: 10.0%)
[2026-06-17 09:25:24] [溢价告警] 全球芯片LOF(501225) 溢价率: 31.75% (阈值: 10.0%)
[2026-06-17 09:26:35] [溢价告警] 财通科创LOF(501085) 溢价率: 12.24% (阈值: 10.0%)
[2026-06-17 09:27:19] [溢价告警] 财通福鑫定开混合(501046) 溢价率: 42.12% (阈值: 10.0%)
[2026-06-17 09:27:40] [溢价告警] 财通福瑞混合LOF(501028) 溢价率: 11.54% (阈值: 10.0%)
[2026-06-17 09:27:42] [溢价告警] 财通福享混合LOF(501026) 溢价率: 13.88% (阈值: 10.0%)
[2026-06-17 09:28:00] [溢价告警] 财通升级混合LOF(501015) 溢价率: 13.07% (阈值: 10.0%)
[2026-06-17 09:28:16] [溢价告警] 财通精选混合LOF(501001) 溢价率: 10.56% (阈值: 10.0%)
[2026-06-18 05:09:27] [溢价告警] 全球芯片LOF(501225) 溢价率: 36.14% (阈值: 10.0%)
[2026-06-18 05:10:13] [溢价告警] 科创建信LOF(501098) 溢价率: 10.97% (阈值: 10.0%)
[2026-06-18 05:10:35] [溢价告警] 财通科创LOF(501085) 溢价率: 16.76% (阈值: 10.0%)
[2026-06-18 05:11:18] [溢价告警] 财通福鑫定开混合(501046) 溢价率: 36.97% (阈值: 10.0%)
[2026-06-18 05:11:31] [溢价告警] 财通福盛混合LOF(501032) 溢价率: 17.34% (阈值: 10.0%)
[2026-06-18 05:11:40] [溢价告警] 财通福瑞混合LOF(501028) 溢价率: 22.99% (阈值: 10.0%)
[2026-06-18 05:11:41] [溢价告警] 财通福享混合LOF(501026) 溢价率: 22.28% (阈值: 10.0%)
[2026-06-18 05:11:53] [溢价告警] 南方原油LOF(501018) 溢价率: 11.67% (阈值: 10.0%)
[2026-06-18 05:11:59] [溢价告警] 财通升级混合LOF(501015) 溢价率: 17.38% (阈值: 10.0%)
[2026-06-18 05:12:18] [溢价告警] 财通精选混合LOF(501001) 溢价率: 22.09% (阈值: 10.0%)
[2026-06-18 09:03:58] [溢价告警] 全球芯片LOF(501225) 溢价率: 36.26% (阈值: 10.0%)
[2026-06-18 09:04:42] [溢价告警] 科创建信LOF(501098) 溢价率: 13.00% (阈值: 10.0%)
[2026-06-18 09:04:44] [溢价告警] 科创国寿LOF(501097) 溢价率: 12.64% (阈值: 10.0%)
[2026-06-18 09:05:03] [溢价告警] 财通科创LOF(501085) 溢价率: 13.86% (阈值: 10.0%)
[2026-06-18 09:05:40] [溢价告警] 财通福鑫定开混合(501046) 溢价率: 36.97% (阈值: 10.0%)
[2026-06-18 09:05:52] [溢价告警] 财通福盛混合LOF(501032) 溢价率: 17.34% (阈值: 10.0%)
[2026-06-18 09:05:59] [溢价告警] 财通福瑞混合LOF(501028) 溢价率: 22.99% (阈值: 10.0%)
[2026-06-18 09:06:00] [溢价告警] 财通福享混合LOF(501026) 溢价率: 17.13% (阈值: 10.0%)
[2026-06-18 09:06:08] [溢价告警] 南方原油LOF(501018) 溢价率: 11.11% (阈值: 10.0%)
[2026-06-18 09:06:11] [溢价告警] 财通升级混合LOF(501015) 溢价率: 19.28% (阈值: 10.0%)
[2026-06-18 09:06:25] [溢价告警] 财通精选混合LOF(501001) 溢价率: 22.09% (阈值: 10.0%)
[2026-06-19 05:33:10] [溢价告警] 全球芯片LOF(501225) 溢价率: 33.57% (阈值: 10.0%)
[2026-06-19 05:34:04] [溢价告警] 科创建信LOF(501098) 溢价率: 10.40% (阈值: 10.0%)
[2026-06-19 05:34:06] [溢价告警] 科创国寿LOF(501097) 溢价率: 10.65% (阈值: 10.0%)
[2026-06-19 05:34:26] [溢价告警] 财通科创LOF(501085) 溢价率: 11.34% (阈值: 10.0%)
[2026-06-19 05:35:33] [溢价告警] 财通福鑫定开混合(501046) 溢价率: 32.48% (阈值: 10.0%)
[2026-06-19 05:35:37] [溢价告警] 财通福盛混合LOF(501032) 溢价率: 14.40% (阈值: 10.0%)
[2026-06-19 05:35:45] [溢价告警] 财通福瑞混合LOF(501028) 溢价率: 23.85% (阈值: 10.0%)
[2026-06-19 05:35:47] [溢价告警] 财通福享混合LOF(501026) 溢价率: 13.17% (阈值: 10.0%)
[2026-06-19 05:35:57] [溢价告警] 南方原油LOF(501018) 溢价率: 12.05% (阈值: 10.0%)
[2026-06-19 05:36:01] [溢价告警] 财通升级混合LOF(501015) 溢价率: 16.42% (阈值: 10.0%)
[2026-06-19 05:36:19] [溢价告警] 财通精选混合LOF(501001) 溢价率: 22.96% (阈值: 10.0%)
[2026-06-19 09:25:41] [溢价告警] 全球芯片LOF(501225) 溢价率: 33.57% (阈值: 10.0%)
[2026-06-19 09:26:33] [溢价告警] 科创建信LOF(501098) 溢价率: 10.40% (阈值: 10.0%)
[2026-06-19 09:26:35] [溢价告警] 科创国寿LOF(501097) 溢价率: 10.65% (阈值: 10.0%)
[2026-06-19 09:26:53] [溢价告警] 财通科创LOF(501085) 溢价率: 11.34% (阈值: 10.0%)
[2026-06-19 09:27:41] [溢价告警] 财通福鑫定开混合(501046) 溢价率: 32.48% (阈值: 10.0%)
[2026-06-19 09:27:55] [溢价告警] 财通福盛混合LOF(501032) 溢价率: 14.40% (阈值: 10.0%)
[2026-06-19 09:28:04] [溢价告警] 财通福瑞混合LOF(501028) 溢价率: 23.85% (阈值: 10.0%)
[2026-06-19 09:28:06] [溢价告警] 财通福享混合LOF(501026) 溢价率: 13.17% (阈值: 10.0%)
[2026-06-19 09:28:17] [溢价告警] 南方原油LOF(501018) 溢价率: 12.05% (阈值: 10.0%)
[2026-06-19 09:28:22] [溢价告警] 财通升级混合LOF(501015) 溢价率: 16.42% (阈值: 10.0%)
[2026-06-19 09:28:42] [溢价告警] 财通精选混合LOF(501001) 溢价率: 22.96% (阈值: 10.0%)
[2026-06-20 04:51:46] [溢价告警] 全球芯片LOF(501225) 溢价率: 33.57% (阈值: 10.0%)
[2026-06-20 04:52:38] [溢价告警] 科创建信LOF(501098) 溢价率: 10.40% (阈值: 10.0%)
[2026-06-20 04:52:40] [溢价告警] 科创国寿LOF(501097) 溢价率: 10.65% (阈值: 10.0%)
[2026-06-20 04:53:02] [溢价告警] 财通科创LOF(501085) 溢价率: 11.34% (阈值: 10.0%)
[2026-06-20 04:53:51] [溢价告警] 财通福鑫定开混合(501046) 溢价率: 32.48% (阈值: 10.0%)
[2026-06-20 04:54:06] [溢价告警] 财通福盛混合LOF(501032) 溢价率: 14.40% (阈值: 10.0%)
[2026-06-20 04:54:17] [溢价告警] 财通福瑞混合LOF(501028) 溢价率: 23.85% (阈值: 10.0%)
[2026-06-20 04:54:19] [溢价告警] 财通福享混合LOF(501026) 溢价率: 13.17% (阈值: 10.0%)
[2026-06-20 04:54:33] [溢价告警] 南方原油LOF(501018) 溢价率: 12.05% (阈值: 10.0%)
[2026-06-20 04:54:42] [溢价告警] 财通升级混合LOF(501015) 溢价率: 16.42% (阈值: 10.0%)
[2026-06-20 04:55:00] [溢价告警] 财通精选混合LOF(501001) 溢价率: 22.96% (阈值: 10.0%)
[2026-06-20 08:07:05] [溢价告警] 全球芯片LOF(501225) 溢价率: 33.57% (阈值: 10.0%)
[2026-06-20 08:07:51] [溢价告警] 科创建信LOF(501098) 溢价率: 10.40% (阈值: 10.0%)
[2026-06-20 08:07:54] [溢价告警] 科创国寿LOF(501097) 溢价率: 10.65% (阈值: 10.0%)
[2026-06-20 08:08:16] [溢价告警] 财通科创LOF(501085) 溢价率: 11.34% (阈值: 10.0%)
[2026-06-20 08:09:00] [溢价告警] 财通福鑫定开混合(501046) 溢价率: 32.48% (阈值: 10.0%)
[2026-06-20 08:09:12] [溢价告警] 财通福盛混合LOF(501032) 溢价率: 14.40% (阈值: 10.0%)
[2026-06-20 08:09:21] [溢价告警] 财通福瑞混合LOF(501028) 溢价率: 23.85% (阈值: 10.0%)
[2026-06-20 08:09:23] [溢价告警] 财通福享混合LOF(501026) 溢价率: 13.17% (阈值: 10.0%)
[2026-06-20 08:09:34] [溢价告警] 南方原油LOF(501018) 溢价率: 12.05% (阈值: 10.0%)
[2026-06-20 08:09:40] [溢价告警] 财通升级混合LOF(501015) 溢价率: 16.42% (阈值: 10.0%)
[2026-06-20 08:10:01] [溢价告警] 财通精选混合LOF(501001) 溢价率: 22.96% (阈值: 10.0%)
[2026-06-21 05:27:59] [溢价告警] 全球芯片LOF(501225) 溢价率: 33.57% (阈值: 10.0%)
[2026-06-21 05:28:55] [溢价告警] 科创建信LOF(501098) 溢价率: 10.40% (阈值: 10.0%)
[2026-06-21 05:28:58] [溢价告警] 科创国寿LOF(501097) 溢价率: 10.65% (阈值: 10.0%)
[2026-06-21 05:29:20] [溢价告警] 财通科创LOF(501085) 溢价率: 11.34% (阈值: 10.0%)
[2026-06-21 05:30:08] [溢价告警] 财通福鑫定开混合(501046) 溢价率: 32.48% (阈值: 10.0%)
[2026-06-21 05:30:21] [溢价告警] 财通福盛混合LOF(501032) 溢价率: 14.40% (阈值: 10.0%)
[2026-06-21 05:30:32] [溢价告警] 财通福瑞混合LOF(501028) 溢价率: 23.85% (阈值: 10.0%)
[2026-06-21 05:30:34] [溢价告警] 财通福享混合LOF(501026) 溢价率: 13.17% (阈值: 10.0%)
[2026-06-21 05:30:46] [溢价告警] 南方原油LOF(501018) 溢价率: 12.05% (阈值: 10.0%)
[2026-06-21 05:30:53] [溢价告警] 财通升级混合LOF(501015) 溢价率: 16.42% (阈值: 10.0%)
[2026-06-21 05:31:10] [溢价告警] 财通精选混合LOF(501001) 溢价率: 22.96% (阈值: 10.0%)
[2026-06-21 08:52:23] [溢价告警] 全球芯片LOF(501225) 溢价率: 33.57% (阈值: 10.0%)
[2026-06-21 08:53:20] [溢价告警] 科创建信LOF(501098) 溢价率: 10.40% (阈值: 10.0%)
[2026-06-21 08:53:21] [溢价告警] 科创国寿LOF(501097) 溢价率: 10.65% (阈值: 10.0%)
[2026-06-21 08:53:43] [溢价告警] 财通科创LOF(501085) 溢价率: 11.34% (阈值: 10.0%)
[2026-06-21 08:54:33] [溢价告警] 财通福鑫定开混合(501046) 溢价率: 32.48% (阈值: 10.0%)
[2026-06-21 08:54:47] [溢价告警] 财通福盛混合LOF(501032) 溢价率: 14.40% (阈值: 10.0%)
[2026-06-21 08:54:55] [溢价告警] 财通福瑞混合LOF(501028) 溢价率: 23.85% (阈值: 10.0%)
[2026-06-21 08:54:57] [溢价告警] 财通福享混合LOF(501026) 溢价率: 13.17% (阈值: 10.0%)
[2026-06-21 08:55:12] [溢价告警] 南方原油LOF(501018) 溢价率: 12.05% (阈值: 10.0%)
[2026-06-21 08:55:19] [溢价告警] 财通升级混合LOF(501015) 溢价率: 16.42% (阈值: 10.0%)
[2026-06-21 08:55:37] [溢价告警] 财通精选混合LOF(501001) 溢价率: 22.96% (阈值: 10.0%)
